{"D:\\Java\\EnglishApp\\EnglishApp-frontend-reactnative\\englishApp\\.eslintrc.js": {"path":"D:\\Java\\EnglishApp\\EnglishApp-frontend-reactnative\\englishApp\\.eslintrc.js","statementMap":{"0":{"start":{"line":1,"column":0},"end":{"line":41,"column":2}}},"fnMap":{},"branchMap":{},"s":{"0":0},"f":{},"b":{}}
,"D:\\Java\\EnglishApp\\EnglishApp-frontend-reactnative\\englishApp\\App.js": {"path":"D:\\Java\\EnglishApp\\EnglishApp-frontend-reactnative\\englishApp\\App.js","statementMap":{"0":{"start":{"line":25,"column":14},"end":{"line":25,"column":42}},"1":{"start":{"line":26,"column":12},"end":{"line":26,"column":38}},"2":{"start":{"line":28,"column":21},"end":{"line":81,"column":1}},"3":{"start":{"line":29,"column":2},"end":{"line":80,"column":4}},"4":{"start":{"line":31,"column":37},"end":{"line":52,"column":7}},"5":{"start":{"line":36,"column":10},"end":{"line":46,"column":11}},"6":{"start":{"line":37,"column":12},"end":{"line":37,"column":57}},"7":{"start":{"line":38,"column":17},"end":{"line":46,"column":11}},"8":{"start":{"line":39,"column":12},"end":{"line":39,"column":63}},"9":{"start":{"line":40,"column":17},"end":{"line":46,"column":11}},"10":{"start":{"line":41,"column":12},"end":{"line":41,"column":71}},"11":{"start":{"line":42,"column":17},"end":{"line":46,"column":11}},"12":{"start":{"line":43,"column":12},"end":{"line":43,"column":61}},"13":{"start":{"line":44,"column":17},"end":{"line":46,"column":11}},"14":{"start":{"line":45,"column":12},"end":{"line":45,"column":69}},"15":{"start":{"line":48,"column":10},"end":{"line":48,"column":68}},"16":{"start":{"line":84,"column":27},"end":{"line":84,"column":58}},"17":{"start":{"line":86,"column":2},"end":{"line":161,"column":4}}},"fnMap":{"0":{"name":"(anonymous_0)","decl":{"start":{"line":28,"column":21},"end":{"line":28,"column":22}},"loc":{"start":{"line":28,"column":27},"end":{"line":81,"column":1}},"line":28},"1":{"name":"(anonymous_1)","decl":{"start":{"line":31,"column":21},"end":{"line":31,"column":22}},"loc":{"start":{"line":31,"column":37},"end":{"line":52,"column":7}},"line":31},"2":{"name":"(anonymous_2)","decl":{"start":{"line":33,"column":20},"end":{"line":33,"column":21}},"loc":{"start":{"line":33,"column":50},"end":{"line":49,"column":9}},"line":33},"3":{"name":"App","decl":{"start":{"line":83,"column":24},"end":{"line":83,"column":27}},"loc":{"start":{"line":83,"column":30},"end":{"line":162,"column":1}},"line":83}},"branchMap":{"0":{"loc":{"start":{"line":36,"column":10},"end":{"line":46,"column":11}},"type":"if","locations":[{"start":{"line":36,"column":10},"end":{"line":46,"column":11}},{"start":{"line":38,"column":17},"end":{"line":46,"column":11}}],"line":36},"1":{"loc":{"start":{"line":37,"column":23},"end":{"line":37,"column":56}},"type":"cond-expr","locations":[{"start":{"line":37,"column":33},"end":{"line":37,"column":39}},{"start":{"line":37,"column":42},"end":{"line":37,"column":56}}],"line":37},"2":{"loc":{"start":{"line":38,"column":17},"end":{"line":46,"column":11}},"type":"if","locations":[{"start":{"line":38,"column":17},"end":{"line":46,"column":11}},{"start":{"line":40,"column":17},"end":{"line":46,"column":11}}],"line":38},"3":{"loc":{"start":{"line":39,"column":23},"end":{"line":39,"column":62}},"type":"cond-expr","locations":[{"start":{"line":39,"column":33},"end":{"line":39,"column":42}},{"start":{"line":39,"column":45},"end":{"line":39,"column":62}}],"line":39},"4":{"loc":{"start":{"line":40,"column":17},"end":{"line":46,"column":11}},"type":"if","locations":[{"start":{"line":40,"column":17},"end":{"line":46,"column":11}},{"start":{"line":42,"column":17},"end":{"line":46,"column":11}}],"line":40},"5":{"loc":{"start":{"line":41,"column":23},"end":{"line":41,"column":70}},"type":"cond-expr","locations":[{"start":{"line":41,"column":33},"end":{"line":41,"column":46}},{"start":{"line":41,"column":49},"end":{"line":41,"column":70}}],"line":41},"6":{"loc":{"start":{"line":42,"column":17},"end":{"line":46,"column":11}},"type":"if","locations":[{"start":{"line":42,"column":17},"end":{"line":46,"column":11}},{"start":{"line":44,"column":17},"end":{"line":46,"column":11}}],"line":42},"7":{"loc":{"start":{"line":43,"column":23},"end":{"line":43,"column":60}},"type":"cond-expr","locations":[{"start":{"line":43,"column":33},"end":{"line":43,"column":45}},{"start":{"line":43,"column":48},"end":{"line":43,"column":60}}],"line":43},"8":{"loc":{"start":{"line":44,"column":17},"end":{"line":46,"column":11}},"type":"if","locations":[{"start":{"line":44,"column":17},"end":{"line":46,"column":11}},{"start":{},"end":{}}],"line":44},"9":{"loc":{"start":{"line":45,"column":23},"end":{"line":45,"column":68}},"type":"cond-expr","locations":[{"start":{"line":45,"column":33},"end":{"line":45,"column":49}},{"start":{"line":45,"column":52},"end":{"line":45,"column":68}}],"line":45},"10":{"loc":{"start":{"line":91,"column":30},"end":{"line":91,"column":53}},"type":"cond-expr","locations":[{"start":{"line":91,"column":37},"end":{"line":91,"column":43}},{"start":{"line":91,"column":46},"end":{"line":91,"column":53}}],"line":91},"11":{"loc":{"start":{"line":94,"column":13},"end":{"line":155,"column":13}},"type":"cond-expr","locations":[{"start":{"line":95,"column":14},"end":{"line":131,"column":17}},{"start":{"line":133,"column":14},"end":{"line":154,"column":17}}],"line":94}},"s":{"0":1,"1":1,"2":1,"3":0,"4":0,"5":0,"6":0,"7":0,"8":0,"9":0,"10":0,"11":0,"12":0,"13":0,"14":0,"15":0,"16":3,"17":2},"f":{"0":0,"1":0,"2":0,"3":3},"b":{"0":[0,0],"1":[0,0],"2":[0,0],"3":[0,0],"4":[0,0],"5":[0,0],"6":[0,0],"7":[0,0],"8":[0,0],"9":[0,0],"10":[0,2],"11":[0,2]},"_coverageSchema":"1a1c01bbd47fc00a2c39e90264f33305004495a9","hash":"3472940e774e72a4ece2960b1fd117fe7532840e"}
,"D:\\Java\\EnglishApp\\EnglishApp-frontend-reactnative\\englishApp\\index.js": {"path":"D:\\Java\\EnglishApp\\EnglishApp-frontend-reactnative\\englishApp\\index.js","statementMap":{"0":{"start":{"line":8,"column":0},"end":{"line":8,"column":27}}},"fnMap":{},"branchMap":{},"s":{"0":0},"f":{},"b":{}}
,"D:\\Java\\EnglishApp\\EnglishApp-frontend-reactnative\\englishApp\\jest.config.js": {"path":"D:\\Java\\EnglishApp\\EnglishApp-frontend-reactnative\\englishApp\\jest.config.js","statementMap":{"0":{"start":{"line":1,"column":0},"end":{"line":31,"column":2}}},"fnMap":{},"branchMap":{},"s":{"0":0},"f":{},"b":{}}
,"D:\\Java\\EnglishApp\\EnglishApp-frontend-reactnative\\englishApp\\key.js": {"path":"D:\\Java\\EnglishApp\\EnglishApp-frontend-reactnative\\englishApp\\key.js","statementMap":{},"fnMap":{},"branchMap":{},"s":{},"f":{},"b":{},"_coverageSchema":"1a1c01bbd47fc00a2c39e90264f33305004495a9","hash":"ebb8144ece782c70d6330c758a668e318cfe2bec"}
,"D:\\Java\\EnglishApp\\EnglishApp-frontend-reactnative\\englishApp\\components\\Auth\\ChangePassword.js": {"path":"D:\\Java\\EnglishApp\\EnglishApp-frontend-reactnative\\englishApp\\components\\Auth\\ChangePassword.js","statementMap":{"0":{"start":{"line":7,"column":23},"end":{"line":90,"column":1}},"1":{"start":{"line":8,"column":20},"end":{"line":8,"column":32}},"2":{"start":{"line":9,"column":14},"end":{"line":9,"column":29}},"3":{"start":{"line":11,"column":40},"end":{"line":11,"column":52}},"4":{"start":{"line":12,"column":48},"end":{"line":12,"column":60}},"5":{"start":{"line":13,"column":32},"end":{"line":13,"column":47}},"6":{"start":{"line":14,"column":42},"end":{"line":14,"column":57}},"7":{"start":{"line":15,"column":56},"end":{"line":15,"column":71}},"8":{"start":{"line":17,"column":27},"end":{"line":51,"column":3}},"9":{"start":{"line":18,"column":4},"end":{"line":25,"column":5}},"10":{"start":{"line":19,"column":6},"end":{"line":23,"column":9}},"11":{"start":{"line":24,"column":6},"end":{"line":24,"column":19}},"12":{"start":{"line":26,"column":4},"end":{"line":33,"column":5}},"13":{"start":{"line":27,"column":6},"end":{"line":31,"column":9}},"14":{"start":{"line":32,"column":6},"end":{"line":32,"column":19}},"15":{"start":{"line":34,"column":4},"end":{"line":41,"column":5}},"16":{"start":{"line":35,"column":6},"end":{"line":39,"column":9}},"17":{"start":{"line":40,"column":6},"end":{"line":40,"column":19}},"18":{"start":{"line":42,"column":4},"end":{"line":49,"column":5}},"19":{"start":{"line":43,"column":6},"end":{"line":47,"column":9}},"20":{"start":{"line":48,"column":6},"end":{"line":48,"column":19}},"21":{"start":{"line":50,"column":4},"end":{"line":50,"column":16}},"22":{"start":{"line":53,"column":25},"end":{"line":72,"column":3}},"23":{"start":{"line":54,"column":4},"end":{"line":54,"column":36}},"24":{"start":{"line":54,"column":29},"end":{"line":54,"column":36}},"25":{"start":{"line":56,"column":4},"end":{"line":56,"column":21}},"26":{"start":{"line":57,"column":4},"end":{"line":71,"column":5}},"27":{"start":{"line":58,"column":18},"end":{"line":58,"column":65}},"28":{"start":{"line":59,"column":6},"end":{"line":63,"column":9}},"29":{"start":{"line":64,"column":6},"end":{"line":64,"column":28}},"30":{"start":{"line":67,"column":8},"end":{"line":67,"column":69}},"31":{"start":{"line":68,"column":6},"end":{"line":68,"column":65}},"32":{"start":{"line":70,"column":6},"end":{"line":70,"column":24}},"33":{"start":{"line":74,"column":2},"end":{"line":89,"column":4}}},"fnMap":{"0":{"name":"(anonymous_0)","decl":{"start":{"line":7,"column":23},"end":{"line":7,"column":24}},"loc":{"start":{"line":7,"column":38},"end":{"line":90,"column":1}},"line":7},"1":{"name":"(anonymous_1)","decl":{"start":{"line":17,"column":27},"end":{"line":17,"column":28}},"loc":{"start":{"line":17,"column":33},"end":{"line":51,"column":3}},"line":17},"2":{"name":"(anonymous_2)","decl":{"start":{"line":53,"column":25},"end":{"line":53,"column":26}},"loc":{"start":{"line":53,"column":37},"end":{"line":72,"column":3}},"line":53}},"branchMap":{"0":{"loc":{"start":{"line":18,"column":4},"end":{"line":25,"column":5}},"type":"if","locations":[{"start":{"line":18,"column":4},"end":{"line":25,"column":5}},{"start":{},"end":{}}],"line":18},"1":{"loc":{"start":{"line":26,"column":4},"end":{"line":33,"column":5}},"type":"if","locations":[{"start":{"line":26,"column":4},"end":{"line":33,"column":5}},{"start":{},"end":{}}],"line":26},"2":{"loc":{"start":{"line":34,"column":4},"end":{"line":41,"column":5}},"type":"if","locations":[{"start":{"line":34,"column":4},"end":{"line":41,"column":5}},{"start":{},"end":{}}],"line":34},"3":{"loc":{"start":{"line":42,"column":4},"end":{"line":49,"column":5}},"type":"if","locations":[{"start":{"line":42,"column":4},"end":{"line":49,"column":5}},{"start":{},"end":{}}],"line":42},"4":{"loc":{"start":{"line":54,"column":4},"end":{"line":54,"column":36}},"type":"if","locations":[{"start":{"line":54,"column":4},"end":{"line":54,"column":36}},{"start":{},"end":{}}],"line":54},"5":{"loc":{"start":{"line":62,"column":15},"end":{"line":62,"column":55}},"type":"binary-expr","locations":[{"start":{"line":62,"column":15},"end":{"line":62,"column":26}},{"start":{"line":62,"column":30},"end":{"line":62,"column":55}}],"line":62},"6":{"loc":{"start":{"line":67,"column":8},"end":{"line":67,"column":69}},"type":"binary-expr","locations":[{"start":{"line":67,"column":8},"end":{"line":67,"column":35}},{"start":{"line":67,"column":39},"end":{"line":67,"column":50}},{"start":{"line":67,"column":54},"end":{"line":67,"column":69}}],"line":67}},"s":{"0":1,"1":0,"2":0,"3":0,"4":0,"5":0,"6":0,"7":0,"8":0,"9":0,"10":0,"11":0,"12":0,"13":0,"14":0,"15":0,"16":0,"17":0,"18":0,"19":0,"20":0,"21":0,"22":0,"23":0,"24":0,"25":0,"26":0,"27":0,"28":0,"29":0,"30":0,"31":0,"32":0,"33":0},"f":{"0":0,"1":0,"2":0},"b":{"0":[0,0],"1":[0,0],"2":[0,0],"3":[0,0],"4":[0,0],"5":[0,0],"6":[0,0,0]},"_coverageSchema":"1a1c01bbd47fc00a2c39e90264f33305004495a9","hash":"91b0d027c852d5746673740ee716edddfa73f1e3"}
,"D:\\Java\\EnglishApp\\EnglishApp-frontend-reactnative\\englishApp\\components\\Auth\\ForgotPassword.js": {"path":"D:\\Java\\EnglishApp\\EnglishApp-frontend-reactnative\\englishApp\\components\\Auth\\ForgotPassword.js","statementMap":{"0":{"start":{"line":7,"column":23},"end":{"line":107,"column":1}},"1":{"start":{"line":8,"column":24},"end":{"line":8,"column":36}},"2":{"start":{"line":9,"column":28},"end":{"line":9,"column":40}},"3":{"start":{"line":10,"column":24},"end":{"line":10,"column":36}},"4":{"start":{"line":11,"column":32},"end":{"line":11,"column":47}},"5":{"start":{"line":12,"column":42},"end":{"line":12,"column":57}},"6":{"start":{"line":13,"column":14},"end":{"line":13,"column":29}},"7":{"start":{"line":15,"column":24},"end":{"line":47,"column":3}},"8":{"start":{"line":16,"column":4},"end":{"line":23,"column":5}},"9":{"start":{"line":17,"column":6},"end":{"line":21,"column":9}},"10":{"start":{"line":22,"column":6},"end":{"line":22,"column":13}},"11":{"start":{"line":25,"column":4},"end":{"line":25,"column":21}},"12":{"start":{"line":26,"column":4},"end":{"line":26,"column":15}},"13":{"start":{"line":28,"column":4},"end":{"line":46,"column":5}},"14":{"start":{"line":29,"column":18},"end":{"line":29,"column":58}},"15":{"start":{"line":30,"column":6},"end":{"line":30,"column":26}},"16":{"start":{"line":31,"column":6},"end":{"line":31,"column":28}},"17":{"start":{"line":33,"column":6},"end":{"line":37,"column":9}},"18":{"start":{"line":39,"column":6},"end":{"line":43,"column":9}},"19":{"start":{"line":45,"column":6},"end":{"line":45,"column":24}},"20":{"start":{"line":49,"column":26},"end":{"line":84,"column":3}},"21":{"start":{"line":50,"column":4},"end":{"line":57,"column":5}},"22":{"start":{"line":51,"column":6},"end":{"line":55,"column":9}},"23":{"start":{"line":56,"column":6},"end":{"line":56,"column":13}},"24":{"start":{"line":59,"column":4},"end":{"line":59,"column":21}},"25":{"start":{"line":60,"column":4},"end":{"line":60,"column":15}},"26":{"start":{"line":62,"column":4},"end":{"line":83,"column":5}},"27":{"start":{"line":63,"column":18},"end":{"line":63,"column":66}},"28":{"start":{"line":64,"column":6},"end":{"line":64,"column":26}},"29":{"start":{"line":66,"column":6},"end":{"line":70,"column":9}},"30":{"start":{"line":72,"column":6},"end":{"line":74,"column":15}},"31":{"start":{"line":73,"column":8},"end":{"line":73,"column":50}},"32":{"start":{"line":76,"column":6},"end":{"line":80,"column":9}},"33":{"start":{"line":82,"column":6},"end":{"line":82,"column":24}},"34":{"start":{"line":86,"column":28},"end":{"line":90,"column":3}},"35":{"start":{"line":87,"column":4},"end":{"line":87,"column":27}},"36":{"start":{"line":88,"column":4},"end":{"line":88,"column":15}},"37":{"start":{"line":89,"column":4},"end":{"line":89,"column":15}},"38":{"start":{"line":92,"column":2},"end":{"line":106,"column":4}}},"fnMap":{"0":{"name":"(anonymous_0)","decl":{"start":{"line":7,"column":23},"end":{"line":7,"column":24}},"loc":{"start":{"line":7,"column":29},"end":{"line":107,"column":1}},"line":7},"1":{"name":"(anonymous_1)","decl":{"start":{"line":15,"column":24},"end":{"line":15,"column":25}},"loc":{"start":{"line":15,"column":36},"end":{"line":47,"column":3}},"line":15},"2":{"name":"(anonymous_2)","decl":{"start":{"line":49,"column":26},"end":{"line":49,"column":27}},"loc":{"start":{"line":49,"column":38},"end":{"line":84,"column":3}},"line":49},"3":{"name":"(anonymous_3)","decl":{"start":{"line":72,"column":17},"end":{"line":72,"column":18}},"loc":{"start":{"line":72,"column":23},"end":{"line":74,"column":7}},"line":72},"4":{"name":"(anonymous_4)","decl":{"start":{"line":86,"column":28},"end":{"line":86,"column":29}},"loc":{"start":{"line":86,"column":34},"end":{"line":90,"column":3}},"line":86}},"branchMap":{"0":{"loc":{"start":{"line":16,"column":4},"end":{"line":23,"column":5}},"type":"if","locations":[{"start":{"line":16,"column":4},"end":{"line":23,"column":5}},{"start":{},"end":{}}],"line":16},"1":{"loc":{"start":{"line":50,"column":4},"end":{"line":57,"column":5}},"type":"if","locations":[{"start":{"line":50,"column":4},"end":{"line":57,"column":5}},{"start":{},"end":{}}],"line":50}},"s":{"0":1,"1":0,"2":0,"3":0,"4":0,"5":0,"6":0,"7":0,"8":0,"9":0,"10":0,"11":0,"12":0,"13":0,"14":0,"15":0,"16":0,"17":0,"18":0,"19":0,"20":0,"21":0,"22":0,"23":0,"24":0,"25":0,"26":0,"27":0,"28":0,"29":0,"30":0,"31":0,"32":0,"33":0,"34":0,"35":0,"36":0,"37":0,"38":0},"f":{"0":0,"1":0,"2":0,"3":0,"4":0},"b":{"0":[0,0],"1":[0,0]},"_coverageSchema":"1a1c01bbd47fc00a2c39e90264f33305004495a9","hash":"7a76c30ef9c7cad7904c03e237fe8e7f6b2ac554"}
,"D:\\Java\\EnglishApp\\EnglishApp-frontend-reactnative\\englishApp\\components\\Auth\\Login.js": {"path":"D:\\Java\\EnglishApp\\EnglishApp-frontend-reactnative\\englishApp\\components\\Auth\\Login.js","statementMap":{"0":{"start":{"line":13,"column":14},"end":{"line":124,"column":1}},"1":{"start":{"line":14,"column":34},"end":{"line":17,"column":4}},"2":{"start":{"line":18,"column":24},"end":{"line":18,"column":38}},"3":{"start":{"line":19,"column":32},"end":{"line":19,"column":47}},"4":{"start":{"line":20,"column":14},"end":{"line":20,"column":29}},"5":{"start":{"line":21,"column":19},"end":{"line":21,"column":48}},"6":{"start":{"line":23,"column":28},"end":{"line":28,"column":3}},"7":{"start":{"line":24,"column":4},"end":{"line":27,"column":8}},"8":{"start":{"line":24,"column":27},"end":{"line":27,"column":5}},"9":{"start":{"line":30,"column":19},"end":{"line":38,"column":3}},"10":{"start":{"line":31,"column":35},"end":{"line":31,"column":43}},"11":{"start":{"line":32,"column":4},"end":{"line":35,"column":5}},"12":{"start":{"line":33,"column":6},"end":{"line":33,"column":57}},"13":{"start":{"line":34,"column":6},"end":{"line":34,"column":19}},"14":{"start":{"line":36,"column":4},"end":{"line":36,"column":17}},"15":{"start":{"line":37,"column":4},"end":{"line":37,"column":16}},"16":{"start":{"line":40,"column":22},"end":{"line":63,"column":3}},"17":{"start":{"line":41,"column":4},"end":{"line":62,"column":5}},"18":{"start":{"line":42,"column":6},"end":{"line":61,"column":7}},"19":{"start":{"line":43,"column":8},"end":{"line":43,"column":25}},"20":{"start":{"line":44,"column":39},"end":{"line":44,"column":47}},"21":{"start":{"line":45,"column":20},"end":{"line":45,"column":65}},"22":{"start":{"line":46,"column":8},"end":{"line":55,"column":9}},"23":{"start":{"line":47,"column":24},"end":{"line":47,"column":40}},"24":{"start":{"line":48,"column":10},"end":{"line":48,"column":53}},"25":{"start":{"line":49,"column":10},"end":{"line":49,"column":40}},"26":{"start":{"line":51,"column":26},"end":{"line":51,"column":50}},"27":{"start":{"line":52,"column":10},"end":{"line":52,"column":49}},"28":{"start":{"line":54,"column":10},"end":{"line":54,"column":56}},"29":{"start":{"line":57,"column":8},"end":{"line":57,"column":43}},"30":{"start":{"line":58,"column":8},"end":{"line":58,"column":56}},"31":{"start":{"line":60,"column":8},"end":{"line":60,"column":26}},"32":{"start":{"line":113,"column":2},"end":{"line":123,"column":4}},"33":{"start":{"line":120,"column":28},"end":{"line":120,"column":84}}},"fnMap":{"0":{"name":"(anonymous_0)","decl":{"start":{"line":13,"column":14},"end":{"line":13,"column":15}},"loc":{"start":{"line":13,"column":20},"end":{"line":124,"column":1}},"line":13},"1":{"name":"(anonymous_1)","decl":{"start":{"line":23,"column":28},"end":{"line":23,"column":29}},"loc":{"start":{"line":23,"column":46},"end":{"line":28,"column":3}},"line":23},"2":{"name":"(anonymous_2)","decl":{"start":{"line":24,"column":16},"end":{"line":24,"column":17}},"loc":{"start":{"line":24,"column":27},"end":{"line":27,"column":5}},"line":24},"3":{"name":"(anonymous_3)","decl":{"start":{"line":30,"column":19},"end":{"line":30,"column":20}},"loc":{"start":{"line":30,"column":25},"end":{"line":38,"column":3}},"line":30},"4":{"name":"(anonymous_4)","decl":{"start":{"line":40,"column":22},"end":{"line":40,"column":23}},"loc":{"start":{"line":40,"column":34},"end":{"line":63,"column":3}},"line":40},"5":{"name":"(anonymous_5)","decl":{"start":{"line":120,"column":22},"end":{"line":120,"column":23}},"loc":{"start":{"line":120,"column":28},"end":{"line":120,"column":84}},"line":120}},"branchMap":{"0":{"loc":{"start":{"line":32,"column":4},"end":{"line":35,"column":5}},"type":"if","locations":[{"start":{"line":32,"column":4},"end":{"line":35,"column":5}},{"start":{},"end":{}}],"line":32},"1":{"loc":{"start":{"line":32,"column":8},"end":{"line":32,"column":30}},"type":"binary-expr","locations":[{"start":{"line":32,"column":8},"end":{"line":32,"column":17}},{"start":{"line":32,"column":21},"end":{"line":32,"column":30}}],"line":32},"2":{"loc":{"start":{"line":41,"column":4},"end":{"line":62,"column":5}},"type":"if","locations":[{"start":{"line":41,"column":4},"end":{"line":62,"column":5}},{"start":{},"end":{}}],"line":41},"3":{"loc":{"start":{"line":46,"column":8},"end":{"line":55,"column":9}},"type":"if","locations":[{"start":{"line":46,"column":8},"end":{"line":55,"column":9}},{"start":{},"end":{}}],"line":46},"4":{"loc":{"start":{"line":46,"column":12},"end":{"line":46,"column":77}},"type":"binary-expr","locations":[{"start":{"line":46,"column":12},"end":{"line":46,"column":29}},{"start":{"line":46,"column":33},"end":{"line":46,"column":57}},{"start":{"line":46,"column":61},"end":{"line":46,"column":77}}],"line":46}},"s":{"0":1,"1":0,"2":0,"3":0,"4":0,"5":0,"6":0,"7":0,"8":0,"9":0,"10":0,"11":0,"12":0,"13":0,"14":0,"15":0,"16":0,"17":0,"18":0,"19":0,"20":0,"21":0,"22":0,"23":0,"24":0,"25":0,"26":0,"27":0,"28":0,"29":0,"30":0,"31":0,"32":0,"33":0},"f":{"0":0,"1":0,"2":0,"3":0,"4":0,"5":0},"b":{"0":[0,0],"1":[0,0],"2":[0,0],"3":[0,0],"4":[0,0,0]},"_coverageSchema":"1a1c01bbd47fc00a2c39e90264f33305004495a9","hash":"7e2b20dd81220e894117699ff6d2a07fa01accac"}
,"D:\\Java\\EnglishApp\\EnglishApp-frontend-reactnative\\englishApp\\components\\Auth\\Register.js": {"path":"D:\\Java\\EnglishApp\\EnglishApp-frontend-reactnative\\englishApp\\components\\Auth\\Register.js","statementMap":{"0":{"start":{"line":8,"column":17},"end":{"line":163,"column":1}},"1":{"start":{"line":9,"column":34},"end":{"line":18,"column":4}},"2":{"start":{"line":19,"column":46},"end":{"line":19,"column":61}},"3":{"start":{"line":20,"column":24},"end":{"line":20,"column":38}},"4":{"start":{"line":21,"column":32},"end":{"line":21,"column":47}},"5":{"start":{"line":22,"column":14},"end":{"line":22,"column":29}},"6":{"start":{"line":24,"column":28},"end":{"line":30,"column":3}},"7":{"start":{"line":25,"column":4},"end":{"line":28,"column":8}},"8":{"start":{"line":25,"column":27},"end":{"line":28,"column":5}},"9":{"start":{"line":29,"column":4},"end":{"line":29,"column":26}},"10":{"start":{"line":29,"column":13},"end":{"line":29,"column":26}},"11":{"start":{"line":32,"column":27},"end":{"line":40,"column":3}},"12":{"start":{"line":33,"column":4},"end":{"line":33,"column":29}},"13":{"start":{"line":34,"column":4},"end":{"line":39,"column":5}},"14":{"start":{"line":35,"column":6},"end":{"line":38,"column":10}},"15":{"start":{"line":35,"column":29},"end":{"line":38,"column":7}},"16":{"start":{"line":42,"column":17},"end":{"line":73,"column":3}},"17":{"start":{"line":43,"column":21},"end":{"line":43,"column":76}},"18":{"start":{"line":45,"column":4},"end":{"line":52,"column":5}},"19":{"start":{"line":46,"column":6},"end":{"line":50,"column":9}},"20":{"start":{"line":51,"column":6},"end":{"line":51,"column":13}},"21":{"start":{"line":54,"column":19},"end":{"line":59,"column":6}},"22":{"start":{"line":61,"column":4},"end":{"line":72,"column":5}},"23":{"start":{"line":62,"column":6},"end":{"line":65,"column":10}},"24":{"start":{"line":62,"column":29},"end":{"line":65,"column":7}},"25":{"start":{"line":66,"column":6},"end":{"line":70,"column":9}},"26":{"start":{"line":71,"column":6},"end":{"line":71,"column":28}},"27":{"start":{"line":71,"column":15},"end":{"line":71,"column":28}},"28":{"start":{"line":75,"column":19},"end":{"line":91,"column":3}},"29":{"start":{"line":76,"column":88},"end":{"line":76,"column":96}},"30":{"start":{"line":78,"column":4},"end":{"line":78,"column":72}},"31":{"start":{"line":78,"column":26},"end":{"line":78,"column":72}},"32":{"start":{"line":79,"column":4},"end":{"line":79,"column":67}},"33":{"start":{"line":79,"column":26},"end":{"line":79,"column":67}},"34":{"start":{"line":80,"column":4},"end":{"line":80,"column":80}},"35":{"start":{"line":80,"column":29},"end":{"line":80,"column":80}},"36":{"start":{"line":81,"column":4},"end":{"line":81,"column":78}},"37":{"start":{"line":81,"column":33},"end":{"line":81,"column":78}},"38":{"start":{"line":82,"column":4},"end":{"line":82,"column":85}},"39":{"start":{"line":82,"column":38},"end":{"line":82,"column":85}},"40":{"start":{"line":83,"column":4},"end":{"line":83,"column":61}},"41":{"start":{"line":83,"column":23},"end":{"line":83,"column":61}},"42":{"start":{"line":84,"column":4},"end":{"line":84,"column":74}},"43":{"start":{"line":84,"column":37},"end":{"line":84,"column":74}},"44":{"start":{"line":85,"column":4},"end":{"line":85,"column":62}},"45":{"start":{"line":85,"column":27},"end":{"line":85,"column":62}},"46":{"start":{"line":86,"column":4},"end":{"line":86,"column":62}},"47":{"start":{"line":86,"column":26},"end":{"line":86,"column":62}},"48":{"start":{"line":87,"column":4},"end":{"line":87,"column":62}},"49":{"start":{"line":87,"column":17},"end":{"line":87,"column":62}},"50":{"start":{"line":89,"column":4},"end":{"line":89,"column":17}},"51":{"start":{"line":90,"column":4},"end":{"line":90,"column":16}},"52":{"start":{"line":93,"column":25},"end":{"line":142,"column":3}},"53":{"start":{"line":94,"column":4},"end":{"line":141,"column":5}},"54":{"start":{"line":95,"column":6},"end":{"line":140,"column":7}},"55":{"start":{"line":96,"column":8},"end":{"line":96,"column":25}},"56":{"start":{"line":98,"column":31},"end":{"line":98,"column":45}},"57":{"start":{"line":99,"column":8},"end":{"line":99,"column":68}},"58":{"start":{"line":100,"column":8},"end":{"line":100,"column":68}},"59":{"start":{"line":101,"column":8},"end":{"line":101,"column":62}},"60":{"start":{"line":102,"column":8},"end":{"line":102,"column":70}},"61":{"start":{"line":103,"column":8},"end":{"line":103,"column":68}},"62":{"start":{"line":104,"column":8},"end":{"line":104,"column":79}},"63":{"start":{"line":105,"column":8},"end":{"line":114,"column":9}},"64":{"start":{"line":106,"column":10},"end":{"line":113,"column":13}},"65":{"start":{"line":116,"column":25},"end":{"line":116,"column":55}},"66":{"start":{"line":118,"column":8},"end":{"line":130,"column":9}},"67":{"start":{"line":119,"column":10},"end":{"line":123,"column":13}},"68":{"start":{"line":125,"column":10},"end":{"line":127,"column":19}},"69":{"start":{"line":126,"column":12},"end":{"line":126,"column":34}},"70":{"start":{"line":129,"column":10},"end":{"line":129,"column":58}},"71":{"start":{"line":132,"column":8},"end":{"line":132,"column":48}},"72":{"start":{"line":133,"column":8},"end":{"line":137,"column":9}},"73":{"start":{"line":134,"column":10},"end":{"line":134,"column":46}},"74":{"start":{"line":136,"column":10},"end":{"line":136,"column":56}},"75":{"start":{"line":139,"column":8},"end":{"line":139,"column":26}},"76":{"start":{"line":144,"column":21},"end":{"line":146,"column":3}},"77":{"start":{"line":145,"column":4},"end":{"line":145,"column":44}},"78":{"start":{"line":148,"column":2},"end":{"line":162,"column":4}},"79":{"start":{"line":156,"column":32},"end":{"line":156,"column":55}}},"fnMap":{"0":{"name":"(anonymous_0)","decl":{"start":{"line":8,"column":17},"end":{"line":8,"column":18}},"loc":{"start":{"line":8,"column":23},"end":{"line":163,"column":1}},"line":8},"1":{"name":"(anonymous_1)","decl":{"start":{"line":24,"column":28},"end":{"line":24,"column":29}},"loc":{"start":{"line":24,"column":46},"end":{"line":30,"column":3}},"line":24},"2":{"name":"(anonymous_2)","decl":{"start":{"line":25,"column":16},"end":{"line":25,"column":17}},"loc":{"start":{"line":25,"column":27},"end":{"line":28,"column":5}},"line":25},"3":{"name":"(anonymous_3)","decl":{"start":{"line":32,"column":27},"end":{"line":32,"column":28}},"loc":{"start":{"line":32,"column":52},"end":{"line":40,"column":3}},"line":32},"4":{"name":"(anonymous_4)","decl":{"start":{"line":35,"column":18},"end":{"line":35,"column":19}},"loc":{"start":{"line":35,"column":29},"end":{"line":38,"column":7}},"line":35},"5":{"name":"(anonymous_5)","decl":{"start":{"line":42,"column":17},"end":{"line":42,"column":18}},"loc":{"start":{"line":42,"column":29},"end":{"line":73,"column":3}},"line":42},"6":{"name":"(anonymous_6)","decl":{"start":{"line":62,"column":18},"end":{"line":62,"column":19}},"loc":{"start":{"line":62,"column":29},"end":{"line":65,"column":7}},"line":62},"7":{"name":"(anonymous_7)","decl":{"start":{"line":75,"column":19},"end":{"line":75,"column":20}},"loc":{"start":{"line":75,"column":25},"end":{"line":91,"column":3}},"line":75},"8":{"name":"(anonymous_8)","decl":{"start":{"line":93,"column":25},"end":{"line":93,"column":26}},"loc":{"start":{"line":93,"column":37},"end":{"line":142,"column":3}},"line":93},"9":{"name":"(anonymous_9)","decl":{"start":{"line":125,"column":21},"end":{"line":125,"column":22}},"loc":{"start":{"line":125,"column":27},"end":{"line":127,"column":11}},"line":125},"10":{"name":"(anonymous_10)","decl":{"start":{"line":144,"column":21},"end":{"line":144,"column":22}},"loc":{"start":{"line":144,"column":31},"end":{"line":146,"column":3}},"line":144},"11":{"name":"(anonymous_11)","decl":{"start":{"line":156,"column":26},"end":{"line":156,"column":27}},"loc":{"start":{"line":156,"column":32},"end":{"line":156,"column":55}},"line":156}},"branchMap":{"0":{"loc":{"start":{"line":29,"column":4},"end":{"line":29,"column":26}},"type":"if","locations":[{"start":{"line":29,"column":4},"end":{"line":29,"column":26}},{"start":{},"end":{}}],"line":29},"1":{"loc":{"start":{"line":34,"column":4},"end":{"line":39,"column":5}},"type":"if","locations":[{"start":{"line":34,"column":4},"end":{"line":39,"column":5}},{"start":{},"end":{}}],"line":34},"2":{"loc":{"start":{"line":45,"column":4},"end":{"line":52,"column":5}},"type":"if","locations":[{"start":{"line":45,"column":4},"end":{"line":52,"column":5}},{"start":{},"end":{}}],"line":45},"3":{"loc":{"start":{"line":61,"column":4},"end":{"line":72,"column":5}},"type":"if","locations":[{"start":{"line":61,"column":4},"end":{"line":72,"column":5}},{"start":{},"end":{}}],"line":61},"4":{"loc":{"start":{"line":71,"column":6},"end":{"line":71,"column":28}},"type":"if","locations":[{"start":{"line":71,"column":6},"end":{"line":71,"column":28}},{"start":{},"end":{}}],"line":71},"5":{"loc":{"start":{"line":78,"column":4},"end":{"line":78,"column":72}},"type":"if","locations":[{"start":{"line":78,"column":4},"end":{"line":78,"column":72}},{"start":{},"end":{}}],"line":78},"6":{"loc":{"start":{"line":79,"column":4},"end":{"line":79,"column":67}},"type":"if","locations":[{"start":{"line":79,"column":4},"end":{"line":79,"column":67}},{"start":{},"end":{}}],"line":79},"7":{"loc":{"start":{"line":80,"column":4},"end":{"line":80,"column":80}},"type":"if","locations":[{"start":{"line":80,"column":4},"end":{"line":80,"column":80}},{"start":{},"end":{}}],"line":80},"8":{"loc":{"start":{"line":81,"column":4},"end":{"line":81,"column":78}},"type":"if","locations":[{"start":{"line":81,"column":4},"end":{"line":81,"column":78}},{"start":{},"end":{}}],"line":81},"9":{"loc":{"start":{"line":82,"column":4},"end":{"line":82,"column":85}},"type":"if","locations":[{"start":{"line":82,"column":4},"end":{"line":82,"column":85}},{"start":{},"end":{}}],"line":82},"10":{"loc":{"start":{"line":83,"column":4},"end":{"line":83,"column":61}},"type":"if","locations":[{"start":{"line":83,"column":4},"end":{"line":83,"column":61}},{"start":{},"end":{}}],"line":83},"11":{"loc":{"start":{"line":84,"column":4},"end":{"line":84,"column":74}},"type":"if","locations":[{"start":{"line":84,"column":4},"end":{"line":84,"column":74}},{"start":{},"end":{}}],"line":84},"12":{"loc":{"start":{"line":85,"column":4},"end":{"line":85,"column":62}},"type":"if","locations":[{"start":{"line":85,"column":4},"end":{"line":85,"column":62}},{"start":{},"end":{}}],"line":85},"13":{"loc":{"start":{"line":86,"column":4},"end":{"line":86,"column":62}},"type":"if","locations":[{"start":{"line":86,"column":4},"end":{"line":86,"column":62}},{"start":{},"end":{}}],"line":86},"14":{"loc":{"start":{"line":87,"column":4},"end":{"line":87,"column":62}},"type":"if","locations":[{"start":{"line":87,"column":4},"end":{"line":87,"column":62}},{"start":{},"end":{}}],"line":87},"15":{"loc":{"start":{"line":94,"column":4},"end":{"line":141,"column":5}},"type":"if","locations":[{"start":{"line":94,"column":4},"end":{"line":141,"column":5}},{"start":{},"end":{}}],"line":94},"16":{"loc":{"start":{"line":105,"column":8},"end":{"line":114,"column":9}},"type":"if","locations":[{"start":{"line":105,"column":8},"end":{"line":114,"column":9}},{"start":{},"end":{}}],"line":105},"17":{"loc":{"start":{"line":108,"column":18},"end":{"line":108,"column":58}},"type":"binary-expr","locations":[{"start":{"line":108,"column":18},"end":{"line":108,"column":42}},{"start":{"line":108,"column":46},"end":{"line":108,"column":58}}],"line":108},"18":{"loc":{"start":{"line":110,"column":14},"end":{"line":112,"column":30}},"type":"cond-expr","locations":[{"start":{"line":111,"column":18},"end":{"line":111,"column":38}},{"start":{"line":112,"column":18},"end":{"line":112,"column":30}}],"line":110},"19":{"loc":{"start":{"line":110,"column":14},"end":{"line":110,"column":79}},"type":"binary-expr","locations":[{"start":{"line":110,"column":14},"end":{"line":110,"column":34}},{"start":{"line":110,"column":38},"end":{"line":110,"column":79}}],"line":110},"20":{"loc":{"start":{"line":118,"column":8},"end":{"line":130,"column":9}},"type":"if","locations":[{"start":{"line":118,"column":8},"end":{"line":130,"column":9}},{"start":{"line":128,"column":15},"end":{"line":130,"column":9}}],"line":118},"21":{"loc":{"start":{"line":118,"column":12},"end":{"line":118,"column":46}},"type":"binary-expr","locations":[{"start":{"line":118,"column":12},"end":{"line":118,"column":20}},{"start":{"line":118,"column":24},"end":{"line":118,"column":46}}],"line":118},"22":{"loc":{"start":{"line":129,"column":17},"end":{"line":129,"column":56}},"type":"binary-expr","locations":[{"start":{"line":129,"column":17},"end":{"line":129,"column":33}},{"start":{"line":129,"column":37},"end":{"line":129,"column":56}}],"line":129},"23":{"loc":{"start":{"line":133,"column":8},"end":{"line":137,"column":9}},"type":"if","locations":[{"start":{"line":133,"column":8},"end":{"line":137,"column":9}},{"start":{"line":135,"column":15},"end":{"line":137,"column":9}}],"line":133}},"s":{"0":1,"1":0,"2":0,"3":0,"4":0,"5":0,"6":0,"7":0,"8":0,"9":0,"10":0,"11":0,"12":0,"13":0,"14":0,"15":0,"16":0,"17":0,"18":0,"19":0,"20":0,"21":0,"22":0,"23":0,"24":0,"25":0,"26":0,"27":0,"28":0,"29":0,"30":0,"31":0,"32":0,"33":0,"34":0,"35":0,"36":0,"37":0,"38":0,"39":0,"40":0,"41":0,"42":0,"43":0,"44":0,"45":0,"46":0,"47":0,"48":0,"49":0,"50":0,"51":0,"52":0,"53":0,"54":0,"55":0,"56":0,"57":0,"58":0,"59":0,"60":0,"61":0,"62":0,"63":0,"64":0,"65":0,"66":0,"67":0,"68":0,"69":0,"70":0,"71":0,"72":0,"73":0,"74":0,"75":0,"76":0,"77":0,"78":0,"79":0},"f":{"0":0,"1":0,"2":0,"3":0,"4":0,"5":0,"6":0,"7":0,"8":0,"9":0,"10":0,"11":0},"b":{"0":[0,0],"1":[0,0],"2":[0,0],"3":[0,0],"4":[0,0],"5":[0,0],"6":[0,0],"7":[0,0],"8":[0,0],"9":[0,0],"10":[0,0],"11":[0,0],"12":[0,0],"13":[0,0],"14":[0,0],"15":[0,0],"16":[0,0],"17":[0,0],"18":[0,0],"19":[0,0],"20":[0,0],"21":[0,0],"22":[0,0],"23":[0,0]},"_coverageSchema":"1a1c01bbd47fc00a2c39e90264f33305004495a9","hash":"9eb5dcb72aeb9c9961ccc7fe81c29348873d9d4a"}
,"D:\\Java\\EnglishApp\\EnglishApp-frontend-reactnative\\englishApp\\components\\Screen\\ChangePasswordScreen.js": {"path":"D:\\Java\\EnglishApp\\EnglishApp-frontend-reactnative\\englishApp\\components\\Screen\\ChangePasswordScreen.js","statementMap":{"0":{"start":{"line":13,"column":29},"end":{"line":129,"column":1}},"1":{"start":{"line":28,"column":4},"end":{"line":28,"column":54}},"2":{"start":{"line":30,"column":2},"end":{"line":128,"column":4}},"3":{"start":{"line":55,"column":35},"end":{"line":55,"column":65}},"4":{"start":{"line":78,"column":35},"end":{"line":78,"column":79}},"5":{"start":{"line":107,"column":31},"end":{"line":107,"column":43}},"6":{"start":{"line":117,"column":31},"end":{"line":117,"column":52}}},"fnMap":{"0":{"name":"(anonymous_0)","decl":{"start":{"line":13,"column":29},"end":{"line":13,"column":30}},"loc":{"start":{"line":26,"column":6},"end":{"line":129,"column":1}},"line":26},"1":{"name":"(anonymous_1)","decl":{"start":{"line":55,"column":29},"end":{"line":55,"column":30}},"loc":{"start":{"line":55,"column":35},"end":{"line":55,"column":65}},"line":55},"2":{"name":"(anonymous_2)","decl":{"start":{"line":78,"column":29},"end":{"line":78,"column":30}},"loc":{"start":{"line":78,"column":35},"end":{"line":78,"column":79}},"line":78},"3":{"name":"(anonymous_3)","decl":{"start":{"line":107,"column":25},"end":{"line":107,"column":26}},"loc":{"start":{"line":107,"column":31},"end":{"line":107,"column":43}},"line":107},"4":{"name":"(anonymous_4)","decl":{"start":{"line":117,"column":25},"end":{"line":117,"column":26}},"loc":{"start":{"line":117,"column":31},"end":{"line":117,"column":52}},"line":117}},"branchMap":{"0":{"loc":{"start":{"line":28,"column":4},"end":{"line":28,"column":54}},"type":"binary-expr","locations":[{"start":{"line":28,"column":4},"end":{"line":28,"column":19}},{"start":{"line":28,"column":23},"end":{"line":28,"column":54}}],"line":28},"1":{"loc":{"start":{"line":34,"column":18},"end":{"line":34,"column":62}},"type":"cond-expr","locations":[{"start":{"line":34,"column":42},"end":{"line":34,"column":51}},{"start":{"line":34,"column":54},"end":{"line":34,"column":62}}],"line":34},"2":{"loc":{"start":{"line":54,"column":26},"end":{"line":54,"column":58}},"type":"cond-expr","locations":[{"start":{"line":54,"column":41},"end":{"line":54,"column":50}},{"start":{"line":54,"column":53},"end":{"line":54,"column":58}}],"line":54},"3":{"loc":{"start":{"line":61,"column":25},"end":{"line":61,"column":73}},"type":"binary-expr","locations":[{"start":{"line":61,"column":25},"end":{"line":61,"column":47}},{"start":{"line":61,"column":51},"end":{"line":61,"column":73}}],"line":61},"4":{"loc":{"start":{"line":77,"column":26},"end":{"line":77,"column":65}},"type":"cond-expr","locations":[{"start":{"line":77,"column":48},"end":{"line":77,"column":57}},{"start":{"line":77,"column":60},"end":{"line":77,"column":65}}],"line":77},"5":{"loc":{"start":{"line":93,"column":18},"end":{"line":96,"column":34}},"type":"binary-expr","locations":[{"start":{"line":93,"column":18},"end":{"line":93,"column":25}},{"start":{"line":94,"column":18},"end":{"line":94,"column":37}},{"start":{"line":95,"column":18},"end":{"line":95,"column":30}},{"start":{"line":96,"column":18},"end":{"line":96,"column":34}}],"line":93},"6":{"loc":{"start":{"line":102,"column":17},"end":{"line":102,"column":62}},"type":"cond-expr","locations":[{"start":{"line":102,"column":27},"end":{"line":102,"column":45}},{"start":{"line":102,"column":48},"end":{"line":102,"column":62}}],"line":102}},"s":{"0":1,"1":0,"2":0,"3":0,"4":0,"5":0,"6":0},"f":{"0":0,"1":0,"2":0,"3":0,"4":0},"b":{"0":[0,0],"1":[0,0],"2":[0,0],"3":[0,0],"4":[0,0],"5":[0,0,0,0],"6":[0,0]},"_coverageSchema":"1a1c01bbd47fc00a2c39e90264f33305004495a9","hash":"0f01b99d5f49cefff089948cadab68e2693adda6"}
,"D:\\Java\\EnglishApp\\EnglishApp-frontend-reactnative\\englishApp\\components\\Screen\\ForgotPasswordScreen.js": {"path":"D:\\Java\\EnglishApp\\EnglishApp-frontend-reactnative\\englishApp\\components\\Screen\\ForgotPasswordScreen.js","statementMap":{"0":{"start":{"line":17,"column":29},"end":{"line":139,"column":1}},"1":{"start":{"line":30,"column":2},"end":{"line":138,"column":4}},"2":{"start":{"line":127,"column":31},"end":{"line":127,"column":52}}},"fnMap":{"0":{"name":"(anonymous_0)","decl":{"start":{"line":17,"column":29},"end":{"line":17,"column":30}},"loc":{"start":{"line":29,"column":6},"end":{"line":139,"column":1}},"line":29},"1":{"name":"(anonymous_1)","decl":{"start":{"line":127,"column":25},"end":{"line":127,"column":26}},"loc":{"start":{"line":127,"column":31},"end":{"line":127,"column":52}},"line":127}},"branchMap":{"0":{"loc":{"start":{"line":34,"column":18},"end":{"line":34,"column":62}},"type":"cond-expr","locations":[{"start":{"line":34,"column":42},"end":{"line":34,"column":51}},{"start":{"line":34,"column":54},"end":{"line":34,"column":62}}],"line":34},"1":{"loc":{"start":{"line":43,"column":17},"end":{"line":45,"column":63}},"type":"cond-expr","locations":[{"start":{"line":44,"column":20},"end":{"line":44,"column":60}},{"start":{"line":45,"column":20},"end":{"line":45,"column":63}}],"line":43},"2":{"loc":{"start":{"line":48,"column":15},"end":{"line":61,"column":15}},"type":"binary-expr","locations":[{"start":{"line":48,"column":15},"end":{"line":48,"column":28}},{"start":{"line":49,"column":16},"end":{"line":60,"column":18}}],"line":48},"3":{"loc":{"start":{"line":63,"column":15},"end":{"line":71,"column":15}},"type":"binary-expr","locations":[{"start":{"line":63,"column":15},"end":{"line":63,"column":18}},{"start":{"line":64,"column":16},"end":{"line":70,"column":23}}],"line":63},"4":{"loc":{"start":{"line":73,"column":15},"end":{"line":86,"column":15}},"type":"binary-expr","locations":[{"start":{"line":73,"column":15},"end":{"line":73,"column":27}},{"start":{"line":74,"column":16},"end":{"line":85,"column":18}}],"line":73},"5":{"loc":{"start":{"line":88,"column":15},"end":{"line":123,"column":15}},"type":"cond-expr","locations":[{"start":{"line":89,"column":16},"end":{"line":99,"column":25}},{"start":{"line":101,"column":16},"end":{"line":122,"column":23}}],"line":88},"6":{"loc":{"start":{"line":98,"column":19},"end":{"line":98,"column":58}},"type":"cond-expr","locations":[{"start":{"line":98,"column":29},"end":{"line":98,"column":42}},{"start":{"line":98,"column":45},"end":{"line":98,"column":58}}],"line":98},"7":{"loc":{"start":{"line":111,"column":21},"end":{"line":111,"column":66}},"type":"cond-expr","locations":[{"start":{"line":111,"column":31},"end":{"line":111,"column":49}},{"start":{"line":111,"column":52},"end":{"line":111,"column":66}}],"line":111}},"s":{"0":1,"1":0,"2":0},"f":{"0":0,"1":0},"b":{"0":[0,0],"1":[0,0],"2":[0,0],"3":[0,0],"4":[0,0],"5":[0,0],"6":[0,0],"7":[0,0]},"_coverageSchema":"1a1c01bbd47fc00a2c39e90264f33305004495a9","hash":"81635e6afd8cdfcaf55c813111654eeedcaf73ef"}
,"D:\\Java\\EnglishApp\\EnglishApp-frontend-reactnative\\englishApp\\components\\Screen\\HomeScreen.js": {"path":"D:\\Java\\EnglishApp\\EnglishApp-frontend-reactnative\\englishApp\\components\\Screen\\HomeScreen.js","statementMap":{"0":{"start":{"line":14,"column":19},"end":{"line":126,"column":1}},"1":{"start":{"line":28,"column":26},"end":{"line":51,"column":3}},"2":{"start":{"line":29,"column":4},"end":{"line":50,"column":11}},"3":{"start":{"line":31,"column":23},"end":{"line":31,"column":72}},"4":{"start":{"line":53,"column":2},"end":{"line":60,"column":3}},"5":{"start":{"line":54,"column":4},"end":{"line":59,"column":6}},"6":{"start":{"line":62,"column":2},"end":{"line":76,"column":3}},"7":{"start":{"line":63,"column":4},"end":{"line":75,"column":6}},"8":{"start":{"line":78,"column":2},"end":{"line":125,"column":4}},"9":{"start":{"line":84,"column":33},"end":{"line":84,"column":48}},"10":{"start":{"line":93,"column":27},"end":{"line":93,"column":54}},"11":{"start":{"line":106,"column":36},"end":{"line":106,"column":54}}},"fnMap":{"0":{"name":"(anonymous_0)","decl":{"start":{"line":14,"column":19},"end":{"line":14,"column":20}},"loc":{"start":{"line":27,"column":6},"end":{"line":126,"column":1}},"line":27},"1":{"name":"(anonymous_1)","decl":{"start":{"line":28,"column":26},"end":{"line":28,"column":27}},"loc":{"start":{"line":29,"column":4},"end":{"line":50,"column":11}},"line":29},"2":{"name":"(anonymous_2)","decl":{"start":{"line":31,"column":17},"end":{"line":31,"column":18}},"loc":{"start":{"line":31,"column":23},"end":{"line":31,"column":72}},"line":31},"3":{"name":"(anonymous_3)","decl":{"start":{"line":84,"column":26},"end":{"line":84,"column":27}},"loc":{"start":{"line":84,"column":33},"end":{"line":84,"column":48}},"line":84},"4":{"name":"(anonymous_4)","decl":{"start":{"line":93,"column":21},"end":{"line":93,"column":22}},"loc":{"start":{"line":93,"column":27},"end":{"line":93,"column":54}},"line":93},"5":{"name":"(anonymous_5)","decl":{"start":{"line":106,"column":26},"end":{"line":106,"column":27}},"loc":{"start":{"line":106,"column":36},"end":{"line":106,"column":54}},"line":106}},"branchMap":{"0":{"loc":{"start":{"line":46,"column":13},"end":{"line":46,"column":37}},"type":"binary-expr","locations":[{"start":{"line":46,"column":13},"end":{"line":46,"column":32}},{"start":{"line":46,"column":36},"end":{"line":46,"column":37}}],"line":46},"1":{"loc":{"start":{"line":53,"column":2},"end":{"line":60,"column":3}},"type":"if","locations":[{"start":{"line":53,"column":2},"end":{"line":60,"column":3}},{"start":{},"end":{}}],"line":53},"2":{"loc":{"start":{"line":53,"column":6},"end":{"line":53,"column":27}},"type":"binary-expr","locations":[{"start":{"line":53,"column":6},"end":{"line":53,"column":13}},{"start":{"line":53,"column":17},"end":{"line":53,"column":27}}],"line":53},"3":{"loc":{"start":{"line":62,"column":2},"end":{"line":76,"column":3}},"type":"if","locations":[{"start":{"line":62,"column":2},"end":{"line":76,"column":3}},{"start":{},"end":{}}],"line":62},"4":{"loc":{"start":{"line":98,"column":9},"end":{"line":122,"column":9}},"type":"cond-expr","locations":[{"start":{"line":99,"column":10},"end":{"line":101,"column":17}},{"start":{"line":103,"column":10},"end":{"line":121,"column":12}}],"line":98},"5":{"loc":{"start":{"line":120,"column":33},"end":{"line":120,"column":73}},"type":"cond-expr","locations":[{"start":{"line":120,"column":55},"end":{"line":120,"column":66}},{"start":{"line":120,"column":69},"end":{"line":120,"column":73}}],"line":120},"6":{"loc":{"start":{"line":120,"column":33},"end":{"line":120,"column":52}},"type":"binary-expr","locations":[{"start":{"line":120,"column":33},"end":{"line":120,"column":40}},{"start":{"line":120,"column":44},"end":{"line":120,"column":52}}],"line":120}},"s":{"0":1,"1":0,"2":0,"3":0,"4":0,"5":0,"6":0,"7":0,"8":0,"9":0,"10":0,"11":0},"f":{"0":0,"1":0,"2":0,"3":0,"4":0,"5":0},"b":{"0":[0,0],"1":[0,0],"2":[0,0],"3":[0,0],"4":[0,0],"5":[0,0],"6":[0,0]},"_coverageSchema":"1a1c01bbd47fc00a2c39e90264f33305004495a9","hash":"7caf826ea597d1c6b6ef85a88946d6af038080e3"}
,"D:\\Java\\EnglishApp\\EnglishApp-frontend-reactnative\\englishApp\\components\\Screen\\LeaderBoardScreen.js": {"path":"D:\\Java\\EnglishApp\\EnglishApp-frontend-reactnative\\englishApp\\components\\Screen\\LeaderBoardScreen.js","statementMap":{"0":{"start":{"line":7,"column":26},"end":{"line":116,"column":1}},"1":{"start":{"line":17,"column":2},"end":{"line":115,"column":4}},"2":{"start":{"line":62,"column":23},"end":{"line":62,"column":32}},"3":{"start":{"line":64,"column":12},"end":{"line":64,"column":61}},"4":{"start":{"line":66,"column":10},"end":{"line":101,"column":12}}},"fnMap":{"0":{"name":"(anonymous_0)","decl":{"start":{"line":7,"column":26},"end":{"line":7,"column":27}},"loc":{"start":{"line":16,"column":6},"end":{"line":116,"column":1}},"line":16},"1":{"name":"(anonymous_1)","decl":{"start":{"line":61,"column":25},"end":{"line":61,"column":26}},"loc":{"start":{"line":61,"column":42},"end":{"line":102,"column":9}},"line":61}},"branchMap":{"0":{"loc":{"start":{"line":37,"column":9},"end":{"line":58,"column":9}},"type":"cond-expr","locations":[{"start":{"line":38,"column":10},"end":{"line":48,"column":17}},{"start":{"line":50,"column":10},"end":{"line":57,"column":17}}],"line":37},"1":{"loc":{"start":{"line":64,"column":12},"end":{"line":64,"column":61}},"type":"binary-expr","locations":[{"start":{"line":64,"column":12},"end":{"line":64,"column":23}},{"start":{"line":64,"column":27},"end":{"line":64,"column":61}}],"line":64},"2":{"loc":{"start":{"line":71,"column":16},"end":{"line":71,"column":60}},"type":"binary-expr","locations":[{"start":{"line":71,"column":16},"end":{"line":71,"column":29}},{"start":{"line":71,"column":33},"end":{"line":71,"column":60}}],"line":71},"3":{"loc":{"start":{"line":81,"column":25},"end":{"line":85,"column":25}},"type":"binary-expr","locations":[{"start":{"line":81,"column":25},"end":{"line":81,"column":38}},{"start":{"line":82,"column":26},"end":{"line":84,"column":33}}],"line":81},"4":{"loc":{"start":{"line":104,"column":9},"end":{"line":112,"column":9}},"type":"binary-expr","locations":[{"start":{"line":104,"column":9},"end":{"line":104,"column":14}},{"start":{"line":105,"column":10},"end":{"line":111,"column":17}}],"line":104}},"s":{"0":1,"1":0,"2":0,"3":0,"4":0},"f":{"0":0,"1":0},"b":{"0":[0,0],"1":[0,0],"2":[0,0],"3":[0,0],"4":[0,0]},"_coverageSchema":"1a1c01bbd47fc00a2c39e90264f33305004495a9","hash":"ed5d35924d3c0ab8c26c4a2b802e4d3538c3d8d2"}
,"D:\\Java\\EnglishApp\\EnglishApp-frontend-reactnative\\englishApp\\components\\Screen\\LoginScreen.js": {"path":"D:\\Java\\EnglishApp\\EnglishApp-frontend-reactnative\\englishApp\\components\\Screen\\LoginScreen.js","statementMap":{"0":{"start":{"line":16,"column":20},"end":{"line":115,"column":1}},"1":{"start":{"line":17,"column":17},"end":{"line":30,"column":3}},"2":{"start":{"line":32,"column":28},"end":{"line":52,"column":6}},"3":{"start":{"line":33,"column":4},"end":{"line":52,"column":6}},"4":{"start":{"line":34,"column":6},"end":{"line":51,"column":8}},"5":{"start":{"line":38,"column":33},"end":{"line":38,"column":66}},"6":{"start":{"line":54,"column":2},"end":{"line":114,"column":4}},"7":{"start":{"line":88,"column":45},"end":{"line":88,"column":75}},"8":{"start":{"line":104,"column":47},"end":{"line":104,"column":71}}},"fnMap":{"0":{"name":"(anonymous_0)","decl":{"start":{"line":16,"column":20},"end":{"line":16,"column":21}},"loc":{"start":{"line":16,"column":97},"end":{"line":115,"column":1}},"line":16},"1":{"name":"(anonymous_1)","decl":{"start":{"line":32,"column":28},"end":{"line":32,"column":29}},"loc":{"start":{"line":33,"column":4},"end":{"line":52,"column":6}},"line":33},"2":{"name":"(anonymous_2)","decl":{"start":{"line":33,"column":15},"end":{"line":33,"column":16}},"loc":{"start":{"line":34,"column":6},"end":{"line":51,"column":8}},"line":34},"3":{"name":"(anonymous_3)","decl":{"start":{"line":38,"column":22},"end":{"line":38,"column":23}},"loc":{"start":{"line":38,"column":33},"end":{"line":38,"column":66}},"line":38},"4":{"name":"(anonymous_4)","decl":{"start":{"line":88,"column":39},"end":{"line":88,"column":40}},"loc":{"start":{"line":88,"column":45},"end":{"line":88,"column":75}},"line":88},"5":{"name":"(anonymous_5)","decl":{"start":{"line":104,"column":41},"end":{"line":104,"column":42}},"loc":{"start":{"line":104,"column":47},"end":{"line":104,"column":71}},"line":104}},"branchMap":{"0":{"loc":{"start":{"line":75,"column":13},"end":{"line":75,"column":59}},"type":"binary-expr","locations":[{"start":{"line":75,"column":13},"end":{"line":75,"column":16}},{"start":{"line":75,"column":20},"end":{"line":75,"column":59}}],"line":75},"1":{"loc":{"start":{"line":85,"column":15},"end":{"line":85,"column":50}},"type":"cond-expr","locations":[{"start":{"line":85,"column":25},"end":{"line":85,"column":36}},{"start":{"line":85,"column":39},"end":{"line":85,"column":50}}],"line":85}},"s":{"0":1,"1":0,"2":0,"3":0,"4":0,"5":0,"6":0,"7":0,"8":0},"f":{"0":0,"1":0,"2":0,"3":0,"4":0,"5":0},"b":{"0":[0,0],"1":[0,0]},"_coverageSchema":"1a1c01bbd47fc00a2c39e90264f33305004495a9","hash":"e8175211636790295592457c7974292d964de9dc"}
,"D:\\Java\\EnglishApp\\EnglishApp-frontend-reactnative\\englishApp\\components\\Screen\\ProfileScreen.js": {"path":"D:\\Java\\EnglishApp\\EnglishApp-frontend-reactnative\\englishApp\\components\\Screen\\ProfileScreen.js","statementMap":{"0":{"start":{"line":16,"column":22},"end":{"line":240,"column":1}},"1":{"start":{"line":36,"column":21},"end":{"line":39,"column":3}},"2":{"start":{"line":37,"column":4},"end":{"line":37,"column":44}},"3":{"start":{"line":37,"column":21},"end":{"line":37,"column":44}},"4":{"start":{"line":38,"column":4},"end":{"line":38,"column":60}},"5":{"start":{"line":41,"column":25},"end":{"line":50,"column":3}},"6":{"start":{"line":42,"column":4},"end":{"line":49,"column":5}},"7":{"start":{"line":44,"column":8},"end":{"line":44,"column":31}},"8":{"start":{"line":46,"column":8},"end":{"line":46,"column":28}},"9":{"start":{"line":48,"column":8},"end":{"line":48,"column":31}},"10":{"start":{"line":52,"column":2},"end":{"line":58,"column":3}},"11":{"start":{"line":53,"column":4},"end":{"line":57,"column":6}},"12":{"start":{"line":60,"column":2},"end":{"line":239,"column":4}},"13":{"start":{"line":138,"column":18},"end":{"line":144,"column":19}},"14":{"start":{"line":139,"column":20},"end":{"line":139,"column":58}},"15":{"start":{"line":140,"column":20},"end":{"line":140,"column":47}},"16":{"start":{"line":142,"column":20},"end":{"line":142,"column":46}},"17":{"start":{"line":143,"column":20},"end":{"line":143,"column":58}},"18":{"start":{"line":174,"column":18},"end":{"line":180,"column":19}},"19":{"start":{"line":175,"column":20},"end":{"line":175,"column":56}},"20":{"start":{"line":176,"column":20},"end":{"line":176,"column":46}},"21":{"start":{"line":178,"column":20},"end":{"line":178,"column":45}},"22":{"start":{"line":179,"column":20},"end":{"line":179,"column":56}},"23":{"start":{"line":200,"column":31},"end":{"line":200,"column":54}}},"fnMap":{"0":{"name":"(anonymous_0)","decl":{"start":{"line":16,"column":22},"end":{"line":16,"column":23}},"loc":{"start":{"line":35,"column":6},"end":{"line":240,"column":1}},"line":35},"1":{"name":"(anonymous_1)","decl":{"start":{"line":36,"column":21},"end":{"line":36,"column":22}},"loc":{"start":{"line":36,"column":37},"end":{"line":39,"column":3}},"line":36},"2":{"name":"(anonymous_2)","decl":{"start":{"line":41,"column":25},"end":{"line":41,"column":26}},"loc":{"start":{"line":41,"column":35},"end":{"line":50,"column":3}},"line":41},"3":{"name":"(anonymous_3)","decl":{"start":{"line":137,"column":25},"end":{"line":137,"column":26}},"loc":{"start":{"line":137,"column":31},"end":{"line":145,"column":17}},"line":137},"4":{"name":"(anonymous_4)","decl":{"start":{"line":173,"column":25},"end":{"line":173,"column":26}},"loc":{"start":{"line":173,"column":31},"end":{"line":181,"column":17}},"line":173},"5":{"name":"(anonymous_5)","decl":{"start":{"line":200,"column":25},"end":{"line":200,"column":26}},"loc":{"start":{"line":200,"column":31},"end":{"line":200,"column":54}},"line":200}},"branchMap":{"0":{"loc":{"start":{"line":37,"column":4},"end":{"line":37,"column":44}},"type":"if","locations":[{"start":{"line":37,"column":4},"end":{"line":37,"column":44}},{"start":{},"end":{}}],"line":37},"1":{"loc":{"start":{"line":42,"column":4},"end":{"line":49,"column":5}},"type":"switch","locations":[{"start":{"line":43,"column":6},"end":{"line":44,"column":31}},{"start":{"line":45,"column":6},"end":{"line":46,"column":28}},{"start":{"line":47,"column":6},"end":{"line":48,"column":31}}],"line":42},"2":{"loc":{"start":{"line":52,"column":2},"end":{"line":58,"column":3}},"type":"if","locations":[{"start":{"line":52,"column":2},"end":{"line":58,"column":3}},{"start":{},"end":{}}],"line":52},"3":{"loc":{"start":{"line":62,"column":7},"end":{"line":67,"column":7}},"type":"binary-expr","locations":[{"start":{"line":62,"column":7},"end":{"line":62,"column":14}},{"start":{"line":63,"column":8},"end":{"line":66,"column":15}}],"line":62},"4":{"loc":{"start":{"line":80,"column":20},"end":{"line":81,"column":75}},"type":"binary-expr","locations":[{"start":{"line":80,"column":20},"end":{"line":80,"column":31}},{"start":{"line":81,"column":20},"end":{"line":81,"column":75}}],"line":80},"5":{"loc":{"start":{"line":91,"column":15},"end":{"line":93,"column":47}},"type":"cond-expr","locations":[{"start":{"line":92,"column":18},"end":{"line":92,"column":54}},{"start":{"line":93,"column":18},"end":{"line":93,"column":47}}],"line":91},"6":{"loc":{"start":{"line":91,"column":15},"end":{"line":91,"column":46}},"type":"binary-expr","locations":[{"start":{"line":91,"column":15},"end":{"line":91,"column":29}},{"start":{"line":91,"column":33},"end":{"line":91,"column":46}}],"line":91},"7":{"loc":{"start":{"line":93,"column":18},"end":{"line":93,"column":47}},"type":"binary-expr","locations":[{"start":{"line":93,"column":18},"end":{"line":93,"column":31}},{"start":{"line":93,"column":35},"end":{"line":93,"column":47}}],"line":93},"8":{"loc":{"start":{"line":96,"column":40},"end":{"line":96,"column":69}},"type":"binary-expr","locations":[{"start":{"line":96,"column":40},"end":{"line":96,"column":50}},{"start":{"line":96,"column":54},"end":{"line":96,"column":69}}],"line":96},"9":{"loc":{"start":{"line":102,"column":16},"end":{"line":102,"column":73}},"type":"cond-expr","locations":[{"start":{"line":102,"column":32},"end":{"line":102,"column":50}},{"start":{"line":102,"column":53},"end":{"line":102,"column":73}}],"line":102},"10":{"loc":{"start":{"line":106,"column":24},"end":{"line":106,"column":71}},"type":"cond-expr","locations":[{"start":{"line":106,"column":40},"end":{"line":106,"column":54}},{"start":{"line":106,"column":57},"end":{"line":106,"column":71}}],"line":106},"11":{"loc":{"start":{"line":108,"column":23},"end":{"line":108,"column":60}},"type":"cond-expr","locations":[{"start":{"line":108,"column":39},"end":{"line":108,"column":48}},{"start":{"line":108,"column":51},"end":{"line":108,"column":60}}],"line":108},"12":{"loc":{"start":{"line":113,"column":27},"end":{"line":113,"column":64}},"type":"cond-expr","locations":[{"start":{"line":113,"column":43},"end":{"line":113,"column":52}},{"start":{"line":113,"column":55},"end":{"line":113,"column":64}}],"line":113},"13":{"loc":{"start":{"line":116,"column":17},"end":{"line":116,"column":71}},"type":"cond-expr","locations":[{"start":{"line":116,"column":33},"end":{"line":116,"column":49}},{"start":{"line":116,"column":52},"end":{"line":116,"column":71}}],"line":116},"14":{"loc":{"start":{"line":124,"column":15},"end":{"line":135,"column":15}},"type":"cond-expr","locations":[{"start":{"line":125,"column":16},"end":{"line":130,"column":18}},{"start":{"line":132,"column":16},"end":{"line":134,"column":23}}],"line":124},"15":{"loc":{"start":{"line":133,"column":19},"end":{"line":133,"column":52}},"type":"binary-expr","locations":[{"start":{"line":133,"column":19},"end":{"line":133,"column":33}},{"start":{"line":133,"column":37},"end":{"line":133,"column":52}}],"line":133},"16":{"loc":{"start":{"line":138,"column":18},"end":{"line":144,"column":19}},"type":"if","locations":[{"start":{"line":138,"column":18},"end":{"line":144,"column":19}},{"start":{"line":141,"column":25},"end":{"line":144,"column":19}}],"line":138},"17":{"loc":{"start":{"line":143,"column":36},"end":{"line":143,"column":56}},"type":"binary-expr","locations":[{"start":{"line":143,"column":36},"end":{"line":143,"column":50}},{"start":{"line":143,"column":54},"end":{"line":143,"column":56}}],"line":143},"18":{"loc":{"start":{"line":149,"column":26},"end":{"line":149,"column":63}},"type":"cond-expr","locations":[{"start":{"line":149,"column":45},"end":{"line":149,"column":52}},{"start":{"line":149,"column":55},"end":{"line":149,"column":63}}],"line":149},"19":{"loc":{"start":{"line":160,"column":15},"end":{"line":171,"column":15}},"type":"cond-expr","locations":[{"start":{"line":161,"column":16},"end":{"line":166,"column":18}},{"start":{"line":168,"column":16},"end":{"line":170,"column":23}}],"line":160},"20":{"loc":{"start":{"line":169,"column":19},"end":{"line":169,"column":51}},"type":"binary-expr","locations":[{"start":{"line":169,"column":19},"end":{"line":169,"column":32}},{"start":{"line":169,"column":36},"end":{"line":169,"column":51}}],"line":169},"21":{"loc":{"start":{"line":174,"column":18},"end":{"line":180,"column":19}},"type":"if","locations":[{"start":{"line":174,"column":18},"end":{"line":180,"column":19}},{"start":{"line":177,"column":25},"end":{"line":180,"column":19}}],"line":174},"22":{"loc":{"start":{"line":179,"column":35},"end":{"line":179,"column":54}},"type":"binary-expr","locations":[{"start":{"line":179,"column":35},"end":{"line":179,"column":48}},{"start":{"line":179,"column":52},"end":{"line":179,"column":54}}],"line":179},"23":{"loc":{"start":{"line":185,"column":26},"end":{"line":185,"column":62}},"type":"cond-expr","locations":[{"start":{"line":185,"column":44},"end":{"line":185,"column":51}},{"start":{"line":185,"column":54},"end":{"line":185,"column":62}}],"line":185},"24":{"loc":{"start":{"line":207,"column":13},"end":{"line":216,"column":13}},"type":"binary-expr","locations":[{"start":{"line":207,"column":13},"end":{"line":207,"column":27}},{"start":{"line":208,"column":14},"end":{"line":215,"column":16}}],"line":207},"25":{"loc":{"start":{"line":222,"column":26},"end":{"line":222,"column":60}},"type":"binary-expr","locations":[{"start":{"line":222,"column":26},"end":{"line":222,"column":42}},{"start":{"line":222,"column":46},"end":{"line":222,"column":60}}],"line":222}},"s":{"0":1,"1":0,"2":0,"3":0,"4":0,"5":0,"6":0,"7":0,"8":0,"9":0,"10":0,"11":0,"12":0,"13":0,"14":0,"15":0,"16":0,"17":0,"18":0,"19":0,"20":0,"21":0,"22":0,"23":0},"f":{"0":0,"1":0,"2":0,"3":0,"4":0,"5":0},"b":{"0":[0,0],"1":[0,0,0],"2":[0,0],"3":[0,0],"4":[0,0],"5":[0,0],"6":[0,0],"7":[0,0],"8":[0,0],"9":[0,0],"10":[0,0],"11":[0,0],"12":[0,0],"13":[0,0],"14":[0,0],"15":[0,0],"16":[0,0],"17":[0,0],"18":[0,0],"19":[0,0],"20":[0,0],"21":[0,0],"22":[0,0],"23":[0,0],"24":[0,0],"25":[0,0]},"_coverageSchema":"1a1c01bbd47fc00a2c39e90264f33305004495a9","hash":"8f230d6d992f9b15a64441faf42709653a2b4754"}
,"D:\\Java\\EnglishApp\\EnglishApp-frontend-reactnative\\englishApp\\components\\Screen\\ProgressScreen.js": {"path":"D:\\Java\\EnglishApp\\EnglishApp-frontend-reactnative\\englishApp\\components\\Screen\\ProgressScreen.js","statementMap":{"0":{"start":{"line":17,"column":23},"end":{"line":348,"column":1}},"1":{"start":{"line":37,"column":28},"end":{"line":96,"column":3}},"2":{"start":{"line":38,"column":4},"end":{"line":95,"column":6}},"3":{"start":{"line":40,"column":23},"end":{"line":40,"column":78}},"4":{"start":{"line":86,"column":31},"end":{"line":86,"column":86}},"5":{"start":{"line":98,"column":33},"end":{"line":194,"column":3}},"6":{"start":{"line":99,"column":4},"end":{"line":193,"column":6}},"7":{"start":{"line":102,"column":10},"end":{"line":102,"column":80}},"8":{"start":{"line":124,"column":35},"end":{"line":124,"column":75}},"9":{"start":{"line":166,"column":16},"end":{"line":173,"column":23}},"10":{"start":{"line":176,"column":16},"end":{"line":183,"column":23}},"11":{"start":{"line":196,"column":2},"end":{"line":205,"column":3}},"12":{"start":{"line":197,"column":4},"end":{"line":204,"column":6}},"13":{"start":{"line":207,"column":2},"end":{"line":220,"column":3}},"14":{"start":{"line":208,"column":4},"end":{"line":219,"column":6}},"15":{"start":{"line":222,"column":2},"end":{"line":347,"column":4}},"16":{"start":{"line":307,"column":16},"end":{"line":313,"column":18}},"17":{"start":{"line":335,"column":16},"end":{"line":340,"column":18}}},"fnMap":{"0":{"name":"(anonymous_0)","decl":{"start":{"line":17,"column":23},"end":{"line":17,"column":24}},"loc":{"start":{"line":36,"column":6},"end":{"line":348,"column":1}},"line":36},"1":{"name":"(anonymous_1)","decl":{"start":{"line":37,"column":28},"end":{"line":37,"column":29}},"loc":{"start":{"line":37,"column":84},"end":{"line":96,"column":3}},"line":37},"2":{"name":"(anonymous_2)","decl":{"start":{"line":40,"column":17},"end":{"line":40,"column":18}},"loc":{"start":{"line":40,"column":23},"end":{"line":40,"column":78}},"line":40},"3":{"name":"(anonymous_3)","decl":{"start":{"line":86,"column":25},"end":{"line":86,"column":26}},"loc":{"start":{"line":86,"column":31},"end":{"line":86,"column":86}},"line":86},"4":{"name":"(anonymous_4)","decl":{"start":{"line":98,"column":33},"end":{"line":98,"column":34}},"loc":{"start":{"line":98,"column":73},"end":{"line":194,"column":3}},"line":98},"5":{"name":"(anonymous_5)","decl":{"start":{"line":101,"column":17},"end":{"line":101,"column":18}},"loc":{"start":{"line":102,"column":10},"end":{"line":102,"column":80}},"line":102},"6":{"name":"(anonymous_6)","decl":{"start":{"line":124,"column":29},"end":{"line":124,"column":30}},"loc":{"start":{"line":124,"column":35},"end":{"line":124,"column":75}},"line":124},"7":{"name":"(anonymous_7)","decl":{"start":{"line":165,"column":45},"end":{"line":165,"column":46}},"loc":{"start":{"line":166,"column":16},"end":{"line":173,"column":23}},"line":166},"8":{"name":"(anonymous_8)","decl":{"start":{"line":175,"column":45},"end":{"line":175,"column":46}},"loc":{"start":{"line":176,"column":16},"end":{"line":183,"column":23}},"line":176},"9":{"name":"(anonymous_9)","decl":{"start":{"line":306,"column":33},"end":{"line":306,"column":34}},"loc":{"start":{"line":307,"column":16},"end":{"line":313,"column":18}},"line":307},"10":{"name":"(anonymous_10)","decl":{"start":{"line":334,"column":38},"end":{"line":334,"column":39}},"loc":{"start":{"line":335,"column":16},"end":{"line":340,"column":18}},"line":335}},"branchMap":{"0":{"loc":{"start":{"line":55,"column":15},"end":{"line":63,"column":15}},"type":"binary-expr","locations":[{"start":{"line":55,"column":15},"end":{"line":55,"column":31}},{"start":{"line":56,"column":16},"end":{"line":62,"column":23}}],"line":55},"1":{"loc":{"start":{"line":73,"column":23},"end":{"line":73,"column":63}},"type":"cond-expr","locations":[{"start":{"line":73,"column":42},"end":{"line":73,"column":51}},{"start":{"line":73,"column":54},"end":{"line":73,"column":63}}],"line":73},"2":{"loc":{"start":{"line":130,"column":22},"end":{"line":132,"column":53}},"type":"cond-expr","locations":[{"start":{"line":131,"column":26},"end":{"line":131,"column":52}},{"start":{"line":132,"column":26},"end":{"line":132,"column":53}}],"line":130},"3":{"loc":{"start":{"line":135,"column":21},"end":{"line":135,"column":76}},"type":"cond-expr","locations":[{"start":{"line":135,"column":51},"end":{"line":135,"column":63}},{"start":{"line":135,"column":66},"end":{"line":135,"column":76}}],"line":135},"4":{"loc":{"start":{"line":196,"column":2},"end":{"line":205,"column":3}},"type":"if","locations":[{"start":{"line":196,"column":2},"end":{"line":205,"column":3}},{"start":{},"end":{}}],"line":196},"5":{"loc":{"start":{"line":196,"column":6},"end":{"line":196,"column":28}},"type":"binary-expr","locations":[{"start":{"line":196,"column":6},"end":{"line":196,"column":13}},{"start":{"line":196,"column":17},"end":{"line":196,"column":28}}],"line":196},"6":{"loc":{"start":{"line":207,"column":2},"end":{"line":220,"column":3}},"type":"if","locations":[{"start":{"line":207,"column":2},"end":{"line":220,"column":3}},{"start":{},"end":{}}],"line":207},"7":{"loc":{"start":{"line":265,"column":17},"end":{"line":267,"column":63}},"type":"cond-expr","locations":[{"start":{"line":266,"column":20},"end":{"line":266,"column":55}},{"start":{"line":267,"column":20},"end":{"line":267,"column":63}}],"line":265},"8":{"loc":{"start":{"line":270,"column":17},"end":{"line":272,"column":40}},"type":"cond-expr","locations":[{"start":{"line":271,"column":20},"end":{"line":271,"column":38}},{"start":{"line":272,"column":20},"end":{"line":272,"column":40}}],"line":270},"9":{"loc":{"start":{"line":279,"column":17},"end":{"line":284,"column":21}},"type":"cond-expr","locations":[{"start":{"line":280,"column":20},"end":{"line":280,"column":80}},{"start":{"line":281,"column":20},"end":{"line":284,"column":21}}],"line":279},"10":{"loc":{"start":{"line":280,"column":23},"end":{"line":280,"column":77}},"type":"binary-expr","locations":[{"start":{"line":280,"column":23},"end":{"line":280,"column":72}},{"start":{"line":280,"column":76},"end":{"line":280,"column":77}}],"line":280},"11":{"loc":{"start":{"line":281,"column":23},"end":{"line":283,"column":24}},"type":"binary-expr","locations":[{"start":{"line":281,"column":23},"end":{"line":283,"column":19}},{"start":{"line":283,"column":23},"end":{"line":283,"column":24}}],"line":281},"12":{"loc":{"start":{"line":292,"column":9},"end":{"line":317,"column":9}},"type":"binary-expr","locations":[{"start":{"line":292,"column":9},"end":{"line":292,"column":30}},{"start":{"line":293,"column":10},"end":{"line":316,"column":13}}],"line":292},"13":{"loc":{"start":{"line":297,"column":13},"end":{"line":315,"column":13}},"type":"cond-expr","locations":[{"start":{"line":298,"column":14},"end":{"line":304,"column":21}},{"start":{"line":306,"column":14},"end":{"line":314,"column":16}}],"line":297},"14":{"loc":{"start":{"line":320,"column":9},"end":{"line":344,"column":9}},"type":"binary-expr","locations":[{"start":{"line":320,"column":9},"end":{"line":320,"column":35}},{"start":{"line":321,"column":10},"end":{"line":343,"column":13}}],"line":320},"15":{"loc":{"start":{"line":325,"column":13},"end":{"line":342,"column":13}},"type":"cond-expr","locations":[{"start":{"line":326,"column":14},"end":{"line":332,"column":21}},{"start":{"line":334,"column":14},"end":{"line":341,"column":16}}],"line":325}},"s":{"0":1,"1":0,"2":0,"3":0,"4":0,"5":0,"6":0,"7":0,"8":0,"9":0,"10":0,"11":0,"12":0,"13":0,"14":0,"15":0,"16":0,"17":0},"f":{"0":0,"1":0,"2":0,"3":0,"4":0,"5":0,"6":0,"7":0,"8":0,"9":0,"10":0},"b":{"0":[0,0],"1":[0,0],"2":[0,0],"3":[0,0],"4":[0,0],"5":[0,0],"6":[0,0],"7":[0,0],"8":[0,0],"9":[0,0],"10":[0,0],"11":[0,0],"12":[0,0],"13":[0,0],"14":[0,0],"15":[0,0]},"_coverageSchema":"1a1c01bbd47fc00a2c39e90264f33305004495a9","hash":"a86dab4bfb3f31fe64cbe978887924009337d39d"}
,"D:\\Java\\EnglishApp\\EnglishApp-frontend-reactnative\\englishApp\\components\\Screen\\QuizDetailScreen.js": {"path":"D:\\Java\\EnglishApp\\EnglishApp-frontend-reactnative\\englishApp\\components\\Screen\\QuizDetailScreen.js","statementMap":{"0":{"start":{"line":18,"column":25},"end":{"line":248,"column":1}},"1":{"start":{"line":34,"column":29},"end":{"line":39,"column":3}},"2":{"start":{"line":35,"column":4},"end":{"line":38,"column":11}},"3":{"start":{"line":41,"column":27},"end":{"line":50,"column":3}},"4":{"start":{"line":42,"column":4},"end":{"line":49,"column":11}},"5":{"start":{"line":52,"column":29},"end":{"line":70,"column":3}},"6":{"start":{"line":53,"column":22},"end":{"line":53,"column":41}},"7":{"start":{"line":55,"column":4},"end":{"line":67,"column":5}},"8":{"start":{"line":56,"column":6},"end":{"line":58,"column":7}},"9":{"start":{"line":57,"column":8},"end":{"line":57,"column":50}},"10":{"start":{"line":60,"column":6},"end":{"line":66,"column":7}},"11":{"start":{"line":61,"column":8},"end":{"line":61,"column":43}},"12":{"start":{"line":62,"column":13},"end":{"line":66,"column":7}},"13":{"start":{"line":63,"column":8},"end":{"line":63,"column":41}},"14":{"start":{"line":65,"column":8},"end":{"line":65,"column":44}},"15":{"start":{"line":69,"column":4},"end":{"line":69,"column":21}},"16":{"start":{"line":72,"column":29},"end":{"line":90,"column":3}},"17":{"start":{"line":73,"column":22},"end":{"line":73,"column":41}},"18":{"start":{"line":75,"column":4},"end":{"line":87,"column":5}},"19":{"start":{"line":76,"column":6},"end":{"line":78,"column":7}},"20":{"start":{"line":77,"column":8},"end":{"line":77,"column":50}},"21":{"start":{"line":80,"column":6},"end":{"line":86,"column":7}},"22":{"start":{"line":81,"column":8},"end":{"line":81,"column":43}},"23":{"start":{"line":82,"column":13},"end":{"line":86,"column":7}},"24":{"start":{"line":83,"column":8},"end":{"line":83,"column":41}},"25":{"start":{"line":85,"column":8},"end":{"line":85,"column":44}},"26":{"start":{"line":89,"column":4},"end":{"line":89,"column":21}},"27":{"start":{"line":92,"column":2},"end":{"line":101,"column":36}},"28":{"start":{"line":93,"column":4},"end":{"line":100,"column":5}},"29":{"start":{"line":94,"column":6},"end":{"line":99,"column":9}},"30":{"start":{"line":103,"column":2},"end":{"line":103,"column":43}},"31":{"start":{"line":103,"column":15},"end":{"line":103,"column":43}},"32":{"start":{"line":104,"column":2},"end":{"line":104,"column":39}},"33":{"start":{"line":104,"column":13},"end":{"line":104,"column":39}},"34":{"start":{"line":105,"column":2},"end":{"line":105,"column":31}},"35":{"start":{"line":105,"column":19},"end":{"line":105,"column":31}},"36":{"start":{"line":107,"column":2},"end":{"line":247,"column":4}},"37":{"start":{"line":193,"column":16},"end":{"line":207,"column":18}},"38":{"start":{"line":198,"column":35},"end":{"line":198,"column":60}}},"fnMap":{"0":{"name":"(anonymous_0)","decl":{"start":{"line":18,"column":25},"end":{"line":18,"column":26}},"loc":{"start":{"line":33,"column":6},"end":{"line":248,"column":1}},"line":33},"1":{"name":"(anonymous_1)","decl":{"start":{"line":34,"column":29},"end":{"line":34,"column":30}},"loc":{"start":{"line":35,"column":4},"end":{"line":38,"column":11}},"line":35},"2":{"name":"(anonymous_2)","decl":{"start":{"line":41,"column":27},"end":{"line":41,"column":28}},"loc":{"start":{"line":42,"column":4},"end":{"line":49,"column":11}},"line":42},"3":{"name":"(anonymous_3)","decl":{"start":{"line":52,"column":29},"end":{"line":52,"column":30}},"loc":{"start":{"line":52,"column":43},"end":{"line":70,"column":3}},"line":52},"4":{"name":"(anonymous_4)","decl":{"start":{"line":72,"column":29},"end":{"line":72,"column":30}},"loc":{"start":{"line":72,"column":43},"end":{"line":90,"column":3}},"line":72},"5":{"name":"(anonymous_5)","decl":{"start":{"line":92,"column":12},"end":{"line":92,"column":13}},"loc":{"start":{"line":92,"column":18},"end":{"line":101,"column":3}},"line":92},"6":{"name":"(anonymous_6)","decl":{"start":{"line":192,"column":39},"end":{"line":192,"column":40}},"loc":{"start":{"line":192,"column":58},"end":{"line":208,"column":15}},"line":192},"7":{"name":"(anonymous_7)","decl":{"start":{"line":198,"column":29},"end":{"line":198,"column":30}},"loc":{"start":{"line":198,"column":35},"end":{"line":198,"column":60}},"line":198}},"branchMap":{"0":{"loc":{"start":{"line":55,"column":4},"end":{"line":67,"column":5}},"type":"if","locations":[{"start":{"line":55,"column":4},"end":{"line":67,"column":5}},{"start":{"line":59,"column":11},"end":{"line":67,"column":5}}],"line":55},"1":{"loc":{"start":{"line":56,"column":6},"end":{"line":58,"column":7}},"type":"if","locations":[{"start":{"line":56,"column":6},"end":{"line":58,"column":7}},{"start":{},"end":{}}],"line":56},"2":{"loc":{"start":{"line":60,"column":6},"end":{"line":66,"column":7}},"type":"if","locations":[{"start":{"line":60,"column":6},"end":{"line":66,"column":7}},{"start":{"line":62,"column":13},"end":{"line":66,"column":7}}],"line":60},"3":{"loc":{"start":{"line":62,"column":13},"end":{"line":66,"column":7}},"type":"if","locations":[{"start":{"line":62,"column":13},"end":{"line":66,"column":7}},{"start":{"line":64,"column":13},"end":{"line":66,"column":7}}],"line":62},"4":{"loc":{"start":{"line":62,"column":17},"end":{"line":62,"column":64}},"type":"binary-expr","locations":[{"start":{"line":62,"column":17},"end":{"line":62,"column":44}},{"start":{"line":62,"column":48},"end":{"line":62,"column":64}}],"line":62},"5":{"loc":{"start":{"line":75,"column":4},"end":{"line":87,"column":5}},"type":"if","locations":[{"start":{"line":75,"column":4},"end":{"line":87,"column":5}},{"start":{"line":79,"column":11},"end":{"line":87,"column":5}}],"line":75},"6":{"loc":{"start":{"line":76,"column":6},"end":{"line":78,"column":7}},"type":"if","locations":[{"start":{"line":76,"column":6},"end":{"line":78,"column":7}},{"start":{},"end":{}}],"line":76},"7":{"loc":{"start":{"line":80,"column":6},"end":{"line":86,"column":7}},"type":"if","locations":[{"start":{"line":80,"column":6},"end":{"line":86,"column":7}},{"start":{"line":82,"column":13},"end":{"line":86,"column":7}}],"line":80},"8":{"loc":{"start":{"line":82,"column":13},"end":{"line":86,"column":7}},"type":"if","locations":[{"start":{"line":82,"column":13},"end":{"line":86,"column":7}},{"start":{"line":84,"column":13},"end":{"line":86,"column":7}}],"line":82},"9":{"loc":{"start":{"line":82,"column":17},"end":{"line":82,"column":64}},"type":"binary-expr","locations":[{"start":{"line":82,"column":17},"end":{"line":82,"column":44}},{"start":{"line":82,"column":48},"end":{"line":82,"column":64}}],"line":82},"10":{"loc":{"start":{"line":93,"column":4},"end":{"line":100,"column":5}},"type":"if","locations":[{"start":{"line":93,"column":4},"end":{"line":100,"column":5}},{"start":{},"end":{}}],"line":93},"11":{"loc":{"start":{"line":93,"column":8},"end":{"line":93,"column":37}},"type":"binary-expr","locations":[{"start":{"line":93,"column":8},"end":{"line":93,"column":18}},{"start":{"line":93,"column":22},"end":{"line":93,"column":37}}],"line":93},"12":{"loc":{"start":{"line":95,"column":14},"end":{"line":95,"column":73}},"type":"cond-expr","locations":[{"start":{"line":95,"column":54},"end":{"line":95,"column":63}},{"start":{"line":95,"column":66},"end":{"line":95,"column":73}}],"line":95},"13":{"loc":{"start":{"line":103,"column":2},"end":{"line":103,"column":43}},"type":"if","locations":[{"start":{"line":103,"column":2},"end":{"line":103,"column":43}},{"start":{},"end":{}}],"line":103},"14":{"loc":{"start":{"line":104,"column":2},"end":{"line":104,"column":39}},"type":"if","locations":[{"start":{"line":104,"column":2},"end":{"line":104,"column":39}},{"start":{},"end":{}}],"line":104},"15":{"loc":{"start":{"line":105,"column":2},"end":{"line":105,"column":31}},"type":"if","locations":[{"start":{"line":105,"column":2},"end":{"line":105,"column":31}},{"start":{},"end":{}}],"line":105},"16":{"loc":{"start":{"line":128,"column":20},"end":{"line":128,"column":71}},"type":"cond-expr","locations":[{"start":{"line":128,"column":50},"end":{"line":128,"column":62}},{"start":{"line":128,"column":65},"end":{"line":128,"column":71}}],"line":128},"17":{"loc":{"start":{"line":130,"column":16},"end":{"line":132,"column":39}},"type":"cond-expr","locations":[{"start":{"line":131,"column":20},"end":{"line":131,"column":40}},{"start":{"line":132,"column":20},"end":{"line":132,"column":39}}],"line":130},"18":{"loc":{"start":{"line":135,"column":16},"end":{"line":137,"column":39}},"type":"cond-expr","locations":[{"start":{"line":136,"column":20},"end":{"line":136,"column":40}},{"start":{"line":137,"column":20},"end":{"line":137,"column":39}}],"line":135},"19":{"loc":{"start":{"line":140,"column":15},"end":{"line":142,"column":35}},"type":"cond-expr","locations":[{"start":{"line":141,"column":18},"end":{"line":141,"column":36}},{"start":{"line":142,"column":18},"end":{"line":142,"column":35}}],"line":140},"20":{"loc":{"start":{"line":149,"column":26},"end":{"line":149,"column":50}},"type":"cond-expr","locations":[{"start":{"line":149,"column":39},"end":{"line":149,"column":44}},{"start":{"line":149,"column":47},"end":{"line":149,"column":50}}],"line":149},"21":{"loc":{"start":{"line":152,"column":26},"end":{"line":152,"column":44}},"type":"cond-expr","locations":[{"start":{"line":152,"column":39},"end":{"line":152,"column":40}},{"start":{"line":152,"column":43},"end":{"line":152,"column":44}}],"line":152},"22":{"loc":{"start":{"line":153,"column":23},"end":{"line":153,"column":74}},"type":"cond-expr","locations":[{"start":{"line":153,"column":53},"end":{"line":153,"column":62}},{"start":{"line":153,"column":65},"end":{"line":153,"column":74}}],"line":153},"23":{"loc":{"start":{"line":162,"column":13},"end":{"line":182,"column":13}},"type":"cond-expr","locations":[{"start":{"line":163,"column":14},"end":{"line":174,"column":33}},{"start":{"line":176,"column":14},"end":{"line":181,"column":24}}],"line":162},"24":{"loc":{"start":{"line":212,"column":15},"end":{"line":241,"column":15}},"type":"cond-expr","locations":[{"start":{"line":213,"column":16},"end":{"line":221,"column":25}},{"start":{"line":
[...]
,"D:\\Java\\EnglishApp\\EnglishApp-frontend-reactnative\\englishApp\\configs\\LoadData.js": {"path":"D:\\Java\\EnglishApp\\EnglishApp-frontend-reactnative\\englishApp\\configs\\LoadData.js","statementMap":{"0":{"start":{"line":4,"column":21},"end":{"line":10,"column":1}},"1":{"start":{"line":5,"column":14},"end":{"line":8,"column":4}},"2":{"start":{"line":9,"column":2},"end":{"line":9,"column":18}},"3":{"start":{"line":12,"column":24},"end":{"line":19,"column":1}},"4":{"start":{"line":13,"column":14},"end":{"line":17,"column":4}},"5":{"start":{"line":18,"column":2},"end":{"line":18,"column":18}},"6":{"start":{"line":21,"column":27},"end":{"line":25,"column":1}},"7":{"start":{"line":22,"column":16},"end":{"line":22,"column":51}},"8":{"start":{"line":23,"column":15},"end":{"line":23,"column":62}},"9":{"start":{"line":24,"column":2},"end":{"line":24,"column":19}},"10":{"start":{"line":27,"column":37},"end":{"line":30,"column":1}},"11":{"start":{"line":28,"column":19},"end":{"line":28,"column":75}},"12":{"start":{"line":29,"column":2},"end":{"line":29,"column":23}},"13":{"start":{"line":32,"column":36},"end":{"line":35,"column":1}},"14":{"start":{"line":33,"column":19},"end":{"line":33,"column":77}},"15":{"start":{"line":34,"column":2},"end":{"line":34,"column":23}},"16":{"start":{"line":37,"column":34},"end":{"line":42,"column":1}},"17":{"start":{"line":38,"column":12},"end":{"line":38,"column":54}},"18":{"start":{"line":39,"column":2},"end":{"line":39,"column":29}},"19":{"start":{"line":39,"column":9},"end":{"line":39,"column":29}},"20":{"start":{"line":40,"column":14},"end":{"line":40,"column":33}},"21":{"start":{"line":41,"column":2},"end":{"line":41,"column":18}},"22":{"start":{"line":44,"column":30},"end":{"line":49,"column":1}},"23":{"start":{"line":45,"column":12},"end":{"line":45,"column":48}},"24":{"start":{"line":46,"column":2},"end":{"line":46,"column":30}},"25":{"start":{"line":46,"column":9},"end":{"line":46,"column":30}},"26":{"start":{"line":47,"column":14},"end":{"line":47,"column":33}},"27":{"start":{"line":48,"column":2},"end":{"line":48,"column":18}},"28":{"start":{"line":51,"column":29},"end":{"line":57,"column":1}},"29":{"start":{"line":52,"column":16},"end":{"line":52,"column":51}},"30":{"start":{"line":53,"column":19},"end":{"line":55,"column":4}},"31":{"start":{"line":56,"column":2},"end":{"line":56,"column":23}},"32":{"start":{"line":59,"column":34},"end":{"line":63,"column":1}},"33":{"start":{"line":60,"column":16},"end":{"line":60,"column":51}},"34":{"start":{"line":61,"column":19},"end":{"line":61,"column":78}},"35":{"start":{"line":62,"column":2},"end":{"line":62,"column":23}},"36":{"start":{"line":65,"column":39},"end":{"line":71,"column":1}},"37":{"start":{"line":66,"column":16},"end":{"line":66,"column":51}},"38":{"start":{"line":67,"column":24},"end":{"line":69,"column":3}},"39":{"start":{"line":70,"column":2},"end":{"line":70,"column":28}},"40":{"start":{"line":73,"column":35},"end":{"line":80,"column":1}},"41":{"start":{"line":74,"column":16},"end":{"line":74,"column":51}},"42":{"start":{"line":75,"column":2},"end":{"line":79,"column":5}},"43":{"start":{"line":82,"column":32},"end":{"line":85,"column":1}},"44":{"start":{"line":83,"column":14},"end":{"line":83,"column":64}},"45":{"start":{"line":84,"column":2},"end":{"line":84,"column":18}},"46":{"start":{"line":87,"column":37},"end":{"line":90,"column":1}},"47":{"start":{"line":88,"column":19},"end":{"line":88,"column":79}},"48":{"start":{"line":89,"column":2},"end":{"line":89,"column":23}},"49":{"start":{"line":92,"column":29},"end":{"line":99,"column":1}},"50":{"start":{"line":93,"column":2},"end":{"line":98,"column":3}},"51":{"start":{"line":94,"column":18},"end":{"line":94,"column":53}},"52":{"start":{"line":95,"column":4},"end":{"line":95,"column":73}},"53":{"start":{"line":97,"column":4},"end":{"line":97,"column":57}},"54":{"start":{"line":101,"column":37},"end":{"line":108,"column":1}},"55":{"start":{"line":102,"column":2},"end":{"line":107,"column":3}},"56":{"start":{"line":103,"column":18},"end":{"line":103,"column":53}},"57":{"start":{"line":104,"column":4},"end":{"line":104,"column":81}},"58":{"start":{"line":106,"column":4},"end":{"line":106,"column":65}},"59":{"start":{"line":110,"column":22},"end":{"line":118,"column":1}},"60":{"start":{"line":111,"column":2},"end":{"line":117,"column":3}},"61":{"start":{"line":112,"column":18},"end":{"line":112,"column":53}},"62":{"start":{"line":113,"column":4},"end":{"line":113,"column":60}},"63":{"start":{"line":114,"column":4},"end":{"line":114,"column":28}},"64":{"start":{"line":116,"column":4},"end":{"line":116,"column":50}},"65":{"start":{"line":120,"column":28},"end":{"line":124,"column":1}},"66":{"start":{"line":121,"column":12},"end":{"line":121,"column":47}},"67":{"start":{"line":122,"column":14},"end":{"line":122,"column":33}},"68":{"start":{"line":123,"column":2},"end":{"line":123,"column":18}},"69":{"start":{"line":126,"column":31},"end":{"line":129,"column":1}},"70":{"start":{"line":127,"column":14},"end":{"line":127,"column":62}},"71":{"start":{"line":128,"column":2},"end":{"line":128,"column":18}},"72":{"start":{"line":131,"column":36},"end":{"line":134,"column":1}},"73":{"start":{"line":132,"column":14},"end":{"line":132,"column":69}},"74":{"start":{"line":133,"column":2},"end":{"line":133,"column":18}},"75":{"start":{"line":136,"column":32},"end":{"line":139,"column":1}},"76":{"start":{"line":137,"column":14},"end":{"line":137,"column":70}},"77":{"start":{"line":138,"column":2},"end":{"line":138,"column":18}},"78":{"start":{"line":141,"column":37},"end":{"line":147,"column":1}},"79":{"start":{"line":142,"column":14},"end":{"line":145,"column":4}},"80":{"start":{"line":146,"column":2},"end":{"line":146,"column":18}},"81":{"start":{"line":149,"column":27},"end":{"line":152,"column":1}},"82":{"start":{"line":150,"column":14},"end":{"line":150,"column":76}},"83":{"start":{"line":151,"column":2},"end":{"line":151,"column":18}},"84":{"start":{"line":154,"column":32},"end":{"line":158,"column":1}},"85":{"start":{"line":155,"column":16},"end":{"line":155,"column":51}},"86":{"start":{"line":156,"column":14},"end":{"line":156,"column":66}},"87":{"start":{"line":157,"column":2},"end":{"line":157,"column":18}}},"fnMap":{"0":{"name":"(anonymous_0)","decl":{"start":{"line":4,"column":21},"end":{"line":4,"column":22}},"loc":{"start":{"line":4,"column":51},"end":{"line":10,"column":1}},"line":4},"1":{"name":"(anonymous_1)","decl":{"start":{"line":12,"column":24},"end":{"line":12,"column":25}},"loc":{"start":{"line":12,"column":50},"end":{"line":19,"column":1}},"line":12},"2":{"name":"(anonymous_2)","decl":{"start":{"line":21,"column":27},"end":{"line":21,"column":28}},"loc":{"start":{"line":21,"column":39},"end":{"line":25,"column":1}},"line":21},"3":{"name":"(anonymous_3)","decl":{"start":{"line":27,"column":37},"end":{"line":27,"column":38}},"loc":{"start":{"line":27,"column":56},"end":{"line":30,"column":1}},"line":27},"4":{"name":"(anonymous_4)","decl":{"start":{"line":32,"column":36},"end":{"line":32,"column":37}},"loc":{"start":{"line":32,"column":58},"end":{"line":35,"column":1}},"line":32},"5":{"name":"(anonymous_5)","decl":{"start":{"line":37,"column":34},"end":{"line":37,"column":35}},"loc":{"start":{"line":37,"column":53},"end":{"line":42,"column":1}},"line":37},"6":{"name":"(anonymous_6)","decl":{"start":{"line":44,"column":30},"end":{"line":44,"column":31}},"loc":{"start":{"line":44,"column":49},"end":{"line":49,"column":1}},"line":44},"7":{"name":"(anonymous_7)","decl":{"start":{"line":51,"column":29},"end":{"line":51,"column":30}},"loc":{"start":{"line":51,"column":49},"end":{"line":57,"column":1}},"line":51},"8":{"name":"(anonymous_8)","decl":{"start":{"line":59,"column":34},"end":{"line":59,"column":35}},"loc":{"start":{"line":59,"column":46},"end":{"line":63,"column":1}},"line":59},"9":{"name":"(anonymous_9)","decl":{"start":{"line":65,"column":39},"end":{"line":65,"column":40}},"loc":{"start":{"line":65,"column":51},"end":{"line":71,"column":1}},"line":65},"10":{"name":"(anonymous_10)","decl":{"start":{"line":73,"column":35},"end":{"line":73,"column":36}},"loc":{"start":{"line":73,"column":64},"end":{"line":80,"column":1}},"line":73},"11":{"name":"(anonymous_11)","decl":{"start":{"line":82,"column":32},"end":{"line":82,"column":33}},"loc":{"start":{"line":82,"column":51},"end":{"line":85,"column":1}},"line":82},"12":{"name":"(anonymous_12)","decl":{"start":{"line":87,"column":37},"end":{"line":87,"column":38}},"loc":{"start":{"line":87,"column":61},"end":{"line":90,"column":1}},"line":87},"13":{"name":"(anonymous_13)","decl":{"start":{"line":92,"column":29},"end":{"line":92,"column":30}},"loc":{"start":{"line":92,"column":53},"end":{"line":99,"column":1}},"line":92},"14":{"name":"(anonymous_14)","decl":{"start":{"line":101,"column":37},"end":{"line":101,"column":38}},"loc":{"start":{"line":101,"column":61},"end":{"line":108,"column":1}},"line":101},"15":{"name":"(anonymous_15)","decl":{"start":{"line":110,"column":22},"end":{"line":110,"column":23}},"loc":{"start":{"line":110,"column":40},"end":{"line":118,"column":1}},"line":110},"16":{"name":"(anonymous_16)","decl":{"start":{"line":120,"column":28},"end":{"line":120,"column":29}},"loc":{"start":{"line":120,"column":44},"end":{"line":124,"column":1}},"line":120},"17":{"name":"(anonymous_17)","decl":{"start":{"line":126,"column":31},"end":{"line":126,"column":32}},"loc":{"start":{"line":126,"column":49},"end":{"line":129,"column":1}},"line":126},"18":{"name":"(anonymous_18)","decl":{"start":{"line":131,"column":36},"end":{"line":131,"column":37}},"loc":{"start":{"line":131,"column":53},"end":{"line":134,"column":1}},"line":131},"19":{"name":"(anonymous_19)","decl":{"start":{"line":136,"column":32},"end":{"line":136,"column":33}},"loc":{"start":{"line":136,"column":54},"end":{"line":139,"column":1}},"line":136},"20":{"name":"(anonymous_20)","decl":{"start":{"line":141,"column":37},"end":{"line":141,"column":38}},"loc":{"start":{"line":141,"column":67},"end":{"line":147,"column":1}},"line":141},"21":{"name":"(anonymous_21)","decl":{"start":{"line":149,"column":27},"end":{"line":149,"column":28}},"loc":{"start":{"line":149,"column":53},"end":{"line":152,"column":1}},"line":149},"22":{"name":"(anonymous_22)","decl":{"start":{"line":154,"column":32},"end":{"line":154,"column":33}},"loc":{"start":{"line":154,"column":44},"end":{"line":158,"column":1}},"line":154}},"branchMap":{"0":{"loc":{"start":{"line":39,"column":2},"end":{"line":39,"column":29}},"type":"if","locations":[{"start":{"line":39,"column":2},"end":{"line":39,"column":29}},{"start":{},"end":{}}],"line":39},"1":{"loc":{"start":{"line":46,"column":2},"end":{"line":46,"column":30}},"type":"if","locations":[{"start":{"line":46,"column":2},"end":{"line":46,"column":30}},{"start":{},"end":{}}],"line":46}},"s":{"0":1,"1":0,"2":0,"3":1,"4":0,"5":0,"6":1,"7":0,"8":0,"9":0,"10":1,"11":0,"12":0,"13":1,"14":0,"15":0,"16":1,"17":0,"18":0,"19":0,"20":0,"21":0,"22":1,"23":0,"24":0,"25":0,"26":0,"27":0,"28":1,"29":0,"30":0,"31":0,"32":1,"33":0,"34":0,"35":0,"36":1,"37":0,"38":0,"39":0,"40":1,"41":0,"42":0,"43":1,"44":0,"45":0,"46":1,"47":0,"48":0,"49":1,"50":0,"51":0,"52":0,"53":0,"54":1,"55":0,"56":0,"57":0,"58":0,"59":1,"60":0,"61":0,"62":0,"63":0,"64":0,"65":1,"66":0,"67":0,"68":0,"69":1,"70":0,"71":0,"72":1,"73":0,"74":0,"75":1,"76":0,"77":0,"78":1,"79":0,"80":0,"81":1,"82":0,"83":0,"84":1,"85":0,"86":0,"87":0},"f":{"0":0,"1":0,"2":0,"3":0,"4":0,"5":0,"6":0,"7":0,"8":0,"9":0,"10":0,"11":0,"12":0,"13":0,"14":0,"15":0,"16":0,"17":0,"18":0,"19":0,"20":0,"21":0,"22":0},"b":{"0":[0,0],"1":[0,0]},"_coverageSchema":"1a1c01bbd47fc00a2c39e90264f33305004495a9","hash":"4631aff47f4ea0be611f16e95d4872062dba4468"}
,"D:\\Java\\EnglishApp\\EnglishApp-frontend-reactnative\\englishApp\\reducers\\MyUserReducer.js": {"path":"D:\\Java\\EnglishApp\\EnglishApp-frontend-reactnative\\englishApp\\reducers\\MyUserReducer.js","statementMap":{"0":{"start":{"line":1,"column":22},"end":{"line":10,"column":3}},"1":{"start":{"line":2,"column":4},"end":{"line":9,"column":5}},"2":{"start":{"line":4,"column":8},"end":{"line":4,"column":30}},"3":{"start":{"line":6,"column":8},"end":{"line":6,"column":20}},"4":{"start":{"line":8,"column":8},"end":{"line":8,"column":21}}},"fnMap":{"0":{"name":"(anonymous_0)","decl":{"start":{"line":1,"column":22},"end":{"line":1,"column":23}},"loc":{"start":{"line":1,"column":41},"end":{"line":10,"column":3}},"line":1}},"branchMap":{"0":{"loc":{"start":{"line":2,"column":4},"end":{"line":9,"column":5}},"type":"switch","locations":[{"start":{"line":3,"column":6},"end":{"line":4,"column":30}},{"start":{"line":5,"column":6},"end":{"line":6,"column":20}},{"start":{"line":7,"column":6},"end":{"line":8,"column":21}}],"line":2}},"s":{"0":1,"1":0,"2":0,"3":0,"4":0},"f":{"0":0},"b":{"0":[0,0,0]},"_coverageSchema":"1a1c01bbd47fc00a2c39e90264f33305004495a9","hash":"71be8d5772f4341e79bc989ac378cfd287a58106"}
,"D:\\Java\\EnglishApp\\EnglishApp-frontend-reactnative\\englishApp\\styles\\ChangePasswordStyles.js": {"path":"D:\\Java\\EnglishApp\\EnglishApp-frontend-reactnative\\englishApp\\styles\\ChangePasswordStyles.js","statementMap":{"0":{"start":{"line":3,"column":15},"end":{"line":61,"column":2}}},"fnMap":{},"branchMap":{},"s":{"0":1},"f":{},"b":{},"_coverageSchema":"1a1c01bbd47fc00a2c39e90264f33305004495a9","hash":"aeee68cd22ea7ca82f96b49c9c5bc3271f31274f"}
,"D:\\Java\\EnglishApp\\EnglishApp-frontend-reactnative\\englishApp\\styles\\ForgotPasswordStyles.js": {"path":"D:\\Java\\EnglishApp\\EnglishApp-frontend-reactnative\\englishApp\\styles\\ForgotPasswordStyles.js","statementMap":{"0":{"start":{"line":2,"column":15},"end":{"line":65,"column":2}}},"fnMap":{},"branchMap":{},"s":{"0":1},"f":{},"b":{},"_coverageSchema":"1a1c01bbd47fc00a2c39e90264f33305004495a9","hash":"ac54ba0582366cdf8ad7eda3bc82c4309360c066"}
,"D:\\Java\\EnglishApp\\EnglishApp-frontend-reactnative\\englishApp\\styles\\HomeStyles.js": {"path":"D:\\Java\\EnglishApp\\EnglishApp-frontend-reactnative\\englishApp\\styles\\HomeStyles.js","statementMap":{"0":{"start":{"line":3,"column":15},"end":{"line":112,"column":2}}},"fnMap":{},"branchMap":{},"s":{"0":1},"f":{},"b":{},"_coverageSchema":"1a1c01bbd47fc00a2c39e90264f33305004495a9","hash":"7a80565fa33f2951e7c9969b46317029cb8ec0cf"}
,"D:\\Java\\EnglishApp\\EnglishApp-frontend-reactnative\\englishApp\\styles\\LeaderBoardStyles.js": {"path":"D:\\Java\\EnglishApp\\EnglishApp-frontend-reactnative\\englishApp\\styles\\LeaderBoardStyles.js","statementMap":{"0":{"start":{"line":3,"column":15},"end":{"line":119,"column":2}}},"fnMap":{},"branchMap":{},"s":{"0":1},"f":{},"b":{},"_coverageSchema":"1a1c01bbd47fc00a2c39e90264f33305004495a9","hash":"644f8c46fed47509dbc345965771e914623eaa22"}
,"D:\\Java\\EnglishApp\\EnglishApp-frontend-reactnative\\englishApp\\styles\\LoginStyles.js": {"path":"D:\\Java\\EnglishApp\\EnglishApp-frontend-reactnative\\englishApp\\styles\\LoginStyles.js","statementMap":{"0":{"start":{"line":3,"column":15},"end":{"line":71,"column":2}}},"fnMap":{},"branchMap":{},"s":{"0":1},"f":{},"b":{},"_coverageSchema":"1a1c01bbd47fc00a2c39e90264f33305004495a9","hash":"85b7b5e91ccabda367b8492854def608c70dae26"}
,"D:\\Java\\EnglishApp\\EnglishApp-frontend-reactnative\\englishApp\\styles\\ProfileStyles.js": {"path":"D:\\Java\\EnglishApp\\EnglishApp-frontend-reactnative\\englishApp\\styles\\ProfileStyles.js","statementMap":{"0":{"start":{"line":2,"column":15},"end":{"line":151,"column":2}}},"fnMap":{},"branchMap":{},"s":{"0":1},"f":{},"b":{},"_coverageSchema":"1a1c01bbd47fc00a2c39e90264f33305004495a9","hash":"214d8998942ef43e23d2d2fd0a6f91c013dd21d7"}
,"D:\\Java\\EnglishApp\\EnglishApp-frontend-reactnative\\englishApp\\styles\\ProgressStyles.js": {"path":"D:\\Java\\EnglishApp\\EnglishApp-frontend-reactnative\\englishApp\\styles\\ProgressStyles.js","statementMap":{"0":{"start":{"line":4,"column":22},"end":{"line":244,"column":2}}},"fnMap":{},"branchMap":{},"s":{"0":1},"f":{},"b":{},"_coverageSchema":"1a1c01bbd47fc00a2c39e90264f33305004495a9","hash":"8f71dbd38168429f5430e836503681ccf4f8e013"}
,"D:\\Java\\EnglishApp\\EnglishApp-frontend-reactnative\\englishApp\\styles\\QuizDetailStyles.js": {"path":"D:\\Java\\EnglishApp\\EnglishApp-frontend-reactnative\\englishApp\\styles\\QuizDetailStyles.js","statementMap":{"0":{"start":{"line":3,"column":15},"end":{"line":335,"column":2}}},"fnMap":{},"branchMap":{},"s":{"0":1},"f":{},"b":{},"_coverageSchema":"1a1c01bbd47fc00a2c39e90264f33305004495a9","hash":"37053c21dc86816c622f7ac15c0252942c3953ff"}
,"D:\\Java\\EnglishApp\\EnglishApp-frontend-reactnative\\englishApp\\styles\\QuizStyles.js": {"path":"D:\\Java\\EnglishApp\\EnglishApp-frontend-reactnative\\englishApp\\styles\\QuizStyles.js","statementMap":{"0":{"start":{"line":3,"column":15},"end":{"line":269,"column":2}}},"fnMap":{},"branchMap":{},"s":{"0":1},"f":{},"b":{},"_coverageSchema":"1a1c01bbd47fc00a2c39e90264f33305004495a9","hash":"60d62020d310f1e36af063d48ce60523e3c3d611"}
,"D:\\Java\\EnglishApp\\EnglishApp-frontend-reactnative\\englishApp\\styles\\RegisterStyles.js": {"path":"D:\\Java\\EnglishApp\\EnglishApp-frontend-reactnative\\englishApp\\styles\\RegisterStyles.js","statementMap":{"0":{"start":{"line":3,"column":15},"end":{"line":161,"column":2}}},"fnMap":{},"branchMap":{},"s":{"0":1},"f":{},"b":{},"_coverageSchema":"1a1c01bbd47fc00a2c39e90264f33305004495a9","hash":"798743ab1ac5eee6ba97ed9c1d8582a71df1e2d1"}
,"D:\\Java\\EnglishApp\\EnglishApp-frontend-reactnative\\englishApp\\styles\\SubTopicDetailStyles.js": {"path":"D:\\Java\\EnglishApp\\EnglishApp-frontend-reactnative\\englishApp\\styles\\SubTopicDetailStyles.js","statementMap":{"0":{"start":{"line":3,"column":19},"end":{"line":3,"column":43}}},"fnMap":{},"branchMap":{},"s":{"0":1},"f":{},"b":{},"_coverageSchema":"1a1c01bbd47fc00a2c39e90264f33305004495a9","hash":"e1cf624ab93a6241514e4ea152239e474eda033a"}
,"D:\\Java\\EnglishApp\\EnglishApp-frontend-reactnative\\englishApp\\styles\\TopicDetailStyles.js": {"path":"D:\\Java\\EnglishApp\\EnglishApp-frontend-reactnative\\englishApp\\styles\\TopicDetailStyles.js","statementMap":{"0":{"start":{"line":3,"column":19},"end":{"line":3,"column":43}},"1":{"start":{"line":5,"column":15},"end":{"line":320,"column":2}}},"fnMap":{},"branchMap":{},"s":{"0":1,"1":1},"f":{},"b":{},"_coverageSchema":"1a1c01bbd47fc00a2c39e90264f33305004495a9","hash":"c9ff345e2da986594a94f35774a76200d88ffcf8"}
,"D:\\Java\\EnglishApp\\EnglishApp-frontend-reactnative\\englishApp\\styles\\VideoDetailStyles.js": {"path":"D:\\Java\\EnglishApp\\EnglishApp-frontend-reactnative\\englishApp\\styles\\VideoDetailStyles.js","statementMap":{"0":{"start":{"line":3,"column":15},"end":{"line":205,"column":2}}},"fnMap":{},"branchMap":{},"s":{"0":1},"f":{},"b":{},"_coverageSchema":"1a1c01bbd47fc00a2c39e90264f33305004495a9","hash":"d481e36b536d2d39a25505723c6ee358b1f505b0"}
,"D:\\Java\\EnglishApp\\EnglishApp-frontend-reactnative\\englishApp\\styles\\VideoStyles.js": {"path":"D:\\Java\\EnglishApp\\EnglishApp-frontend-reactnative\\englishApp\\styles\\VideoStyles.js","statementMap":{"0":{"start":{"line":3,"column":15},"end":{"line":113,"column":2}}},"fnMap":{},"branchMap":{},"s":{"0":1},"f":{},"b":{},"_coverageSchema":"1a1c01bbd47fc00a2c39e90264f33305004495a9","hash":"2eafe83533a0d0a51d0e09bb238eabffafc6c4fa"}
,"D:\\Java\\EnglishApp\\EnglishApp-frontend-reactnative\\englishApp\\styles\\VocabularyDetailStyles.js": {"path":"D:\\Java\\EnglishApp\\EnglishApp-frontend-reactnative\\englishApp\\styles\\VocabularyDetailStyles.js","statementMap":{"0":{"start":{"line":3,"column":31},"end":{"line":3,"column":55}},"1":{"start":{"line":5,"column":15},"end":{"line":547,"column":2}}},"fnMap":{},"branchMap":{},"s":{"0":1,"1":1},"f":{},"b":{},"_coverageSchema":"1a1c01bbd47fc00a2c39e90264f33305004495a9","hash":"2970adbd9669da15d03f709f39d19fabca1eff55"}
}
